This is pdfTeX, Version 3.14159265-2.6-1.40.17 (TeX Live 2016) (preloaded format=pdflatex 2016.5.22)  17 APR 2019 13:46
entering extended mode
 restricted \write18 enabled.
 %&-line parsing enabled.
**introduction_only.tex
(./introduction_only.tex
LaTeX2e <2016/03/31>
Babel <3.9r> and hyphenation patterns for 83 language(s) loaded.
(./nuthesis.cls
Document Class: nuthesis 2017/04/24 v1.16b by Miguel A. Lerma
(/usr/local/texlive/2016/texmf-dist/tex/latex/amscls/amsbook.cls
Document Class: amsbook 2015/03/04 v2.20.2
\linespacing=\dimen102
\normalparindent=\dimen103
\normaltopskip=\skip41
(/usr/local/texlive/2016/texmf-dist/tex/latex/amsmath/amsmath.sty
Package: amsmath 2016/03/10 v2.15b AMS math features
\@mathmargin=\skip42

For additional information on amsmath, use the `?' option.
(/usr/local/texlive/2016/texmf-dist/tex/latex/amsmath/amstext.sty
Package: amstext 2000/06/29 v2.01 AMS text

(/usr/local/texlive/2016/texmf-dist/tex/latex/amsmath/amsgen.sty
File: amsgen.sty 1999/11/30 v2.0 generic functions
\@emptytoks=\toks14
\ex@=\dimen104
))
(/usr/local/texlive/2016/texmf-dist/tex/latex/amsmath/amsbsy.sty
Package: amsbsy 1999/11/29 v1.2d Bold Symbols
\pmbraise@=\dimen105
)
(/usr/local/texlive/2016/texmf-dist/tex/latex/amsmath/amsopn.sty
Package: amsopn 2016/03/08 v2.02 operator names
)
\inf@bad=\count79
LaTeX Info: Redefining \frac on input line 199.
\uproot@=\count80
\leftroot@=\count81
LaTeX Info: Redefining \overline on input line 297.
\classnum@=\count82
\DOTSCASE@=\count83
LaTeX Info: Redefining \ldots on input line 394.
LaTeX Info: Redefining \dots on input line 397.
LaTeX Info: Redefining \cdots on input line 518.
\Mathstrutbox@=\box26
\strutbox@=\box27
\big@size=\dimen106
LaTeX Font Info:    Redeclaring font encoding OML on input line 634.
LaTeX Font Info:    Redeclaring font encoding OMS on input line 635.
\macc@depth=\count84
\c@MaxMatrixCols=\count85
\dotsspace@=\muskip10
\c@parentequation=\count86
\dspbrk@lvl=\count87
\tag@help=\toks15
\row@=\count88
\column@=\count89
\maxfields@=\count90
\andhelp@=\toks16
\eqnshift@=\dimen107
\alignsep@=\dimen108
\tagshift@=\dimen109
\tagwidth@=\dimen110
\totwidth@=\dimen111
\lineht@=\dimen112
\@envbody=\toks17
\multlinegap=\skip43
\multlinetaggap=\skip44
\mathdisplay@stack=\toks18
LaTeX Info: Redefining \[ on input line 2739.
LaTeX Info: Redefining \] on input line 2740.
)
LaTeX Font Info:    Try loading font information for U+msa on input line 367.

(/usr/local/texlive/2016/texmf-dist/tex/latex/amsfonts/umsa.fd
File: umsa.fd 2013/01/14 v3.01 AMS symbols A
)
(/usr/local/texlive/2016/texmf-dist/tex/latex/amsfonts/amsfonts.sty
Package: amsfonts 2013/01/14 v3.01 Basic AMSFonts support
\symAMSa=\mathgroup4
\symAMSb=\mathgroup5
LaTeX Font Info:    Overwriting math alphabet `\mathfrak' in version `bold'
(Font)                  U/euf/m/n --> U/euf/b/n on input line 106.
)
\copyins=\insert199
\abstractbox=\box28
\listisep=\skip45
\c@part=\count91
\c@chapter=\count92
\c@section=\count93
\c@subsection=\count94
\c@subsubsection=\count95
\c@paragraph=\count96
\c@subparagraph=\count97
\c@figure=\count98
\c@table=\count99
\abovecaptionskip=\skip46
\belowcaptionskip=\skip47
\captionindent=\dimen113
\thm@style=\toks19
\thm@bodyfont=\toks20
\thm@headfont=\toks21
\thm@notefont=\toks22
\thm@headpunct=\toks23
\thm@preskip=\skip48
\thm@postskip=\skip49
\thm@headsep=\skip50
\dth@everypar=\toks24
)
(/usr/local/texlive/2016/texmf-dist/tex/latex/setspace/setspace.sty
Package: setspace 2011/12/19 v6.7a set line spacing
)
(/usr/local/texlive/2016/texmf-dist/tex/latex/hyperref/hyperref.sty
Package: hyperref 2016/05/05 v6.83n Hypertext links for LaTeX

(/usr/local/texlive/2016/texmf-dist/tex/generic/oberdiek/hobsub-hyperref.sty
Package: hobsub-hyperref 2016/05/16 v1.14 Bundle oberdiek, subset hyperref (HO)


(/usr/local/texlive/2016/texmf-dist/tex/generic/oberdiek/hobsub-generic.sty
Package: hobsub-generic 2016/05/16 v1.14 Bundle oberdiek, subset generic (HO)
Package: hobsub 2016/05/16 v1.14 Construct package bundles (HO)
Package: infwarerr 2016/05/16 v1.4 Providing info/warning/error messages (HO)
Package: ltxcmds 2016/05/16 v1.23 LaTeX kernel commands for general use (HO)
Package: ifluatex 2016/05/16 v1.4 Provides the ifluatex switch (HO)
Package ifluatex Info: LuaTeX not detected.
Package: ifvtex 2016/05/16 v1.6 Detect VTeX and its facilities (HO)
Package ifvtex Info: VTeX not detected.
Package: intcalc 2016/05/16 v1.2 Expandable calculations with integers (HO)
Package: ifpdf 2016/05/14 v3.1 Provides the ifpdf switch
Package: etexcmds 2016/05/16 v1.6 Avoid name clashes with e-TeX commands (HO)
Package etexcmds Info: Could not find \expanded.
(etexcmds)             That can mean that you are not using pdfTeX 1.50 or
(etexcmds)             that some package has redefined \expanded.
(etexcmds)             In the latter case, load this package earlier.
Package: kvsetkeys 2016/05/16 v1.17 Key value parser (HO)
Package: kvdefinekeys 2016/05/16 v1.4 Define keys (HO)
Package: pdftexcmds 2016/05/10 v0.21 Utility functions of pdfTeX for LuaTeX (HO
)
Package pdftexcmds Info: LuaTeX not detected.
Package pdftexcmds Info: \pdf@primitive is available.
Package pdftexcmds Info: \pdf@ifprimitive is available.
Package pdftexcmds Info: \pdfdraftmode found.
Package: pdfescape 2016/05/16 v1.14 Implements pdfTeX's escape features (HO)
Package: bigintcalc 2016/05/16 v1.4 Expandable calculations on big integers (HO
)
Package: bitset 2016/05/16 v1.2 Handle bit-vector datatype (HO)
Package: uniquecounter 2016/05/16 v1.3 Provide unlimited unique counter (HO)
)
Package hobsub Info: Skipping package `hobsub' (already loaded).
Package: letltxmacro 2016/05/16 v1.5 Let assignment for LaTeX macros (HO)
Package: hopatch 2016/05/16 v1.3 Wrapper for package hooks (HO)
Package: xcolor-patch 2016/05/16 xcolor patch
Package: atveryend 2016/05/16 v1.9 Hooks at the very end of document (HO)
Package atveryend Info: \enddocument detected (standard20110627).
Package: atbegshi 2016/05/16 v1.17 At begin shipout hook (HO)
Package: refcount 2016/05/16 v3.5 Data extraction from label references (HO)
Package: hycolor 2016/05/16 v1.8 Color options for hyperref/bookmark (HO)
)
(/usr/local/texlive/2016/texmf-dist/tex/latex/graphics/keyval.sty
Package: keyval 2014/10/28 v1.15 key=value parser (DPC)
\KV@toks@=\toks25
)
(/usr/local/texlive/2016/texmf-dist/tex/generic/ifxetex/ifxetex.sty
Package: ifxetex 2010/09/12 v0.6 Provides ifxetex conditional
)
(/usr/local/texlive/2016/texmf-dist/tex/latex/oberdiek/auxhook.sty
Package: auxhook 2016/05/16 v1.4 Hooks for auxiliary files (HO)
)
(/usr/local/texlive/2016/texmf-dist/tex/latex/oberdiek/kvoptions.sty
Package: kvoptions 2016/05/16 v3.12 Key value format for package options (HO)
)
\@linkdim=\dimen114
\Hy@linkcounter=\count100
\Hy@pagecounter=\count101

(/usr/local/texlive/2016/texmf-dist/tex/latex/hyperref/pd1enc.def
File: pd1enc.def 2016/05/05 v6.83n Hyperref: PDFDocEncoding definition (HO)
)
\Hy@SavedSpaceFactor=\count102

(/usr/local/texlive/2016/texmf-dist/tex/latex/latexconfig/hyperref.cfg
File: hyperref.cfg 2002/06/06 v1.2 hyperref configuration of TeXLive
)
Package hyperref Info: Option `bookmarks' set `true' on input line 4322.
Package hyperref Info: Option `bookmarksopen' set `true' on input line 4322.
Package hyperref Info: Option `plainpages' set `false' on input line 4322.
Package hyperref Info: Option `pdfpagelabels' set `true' on input line 4322.
Package hyperref Info: Option `breaklinks' set `true' on input line 4322.
Package hyperref Info: Hyper figures OFF on input line 4446.
Package hyperref Info: Link nesting OFF on input line 4451.
Package hyperref Info: Hyper index ON on input line 4454.
Package hyperref Info: Plain pages OFF on input line 4461.
Package hyperref Info: Backreferencing OFF on input line 4466.
Package hyperref Info: Implicit mode ON; LaTeX internals redefined.
Package hyperref Info: Bookmarks ON on input line 4691.
\c@Hy@tempcnt=\count103

(/usr/local/texlive/2016/texmf-dist/tex/latex/url/url.sty
\Urlmuskip=\muskip11
Package: url 2013/09/16  ver 3.4  Verb mode for urls, etc.
)
LaTeX Info: Redefining \url on input line 5044.
\XeTeXLinkMargin=\dimen115
\Fld@menulength=\count104
\Field@Width=\dimen116
\Fld@charsize=\dimen117
Package hyperref Info: Hyper figures OFF on input line 6298.
Package hyperref Info: Link nesting OFF on input line 6303.
Package hyperref Info: Hyper index ON on input line 6306.
Package hyperref Info: backreferencing OFF on input line 6313.
Package hyperref Info: Link coloring OFF on input line 6318.
Package hyperref Info: Link coloring with OCG OFF on input line 6323.
Package hyperref Info: PDF/A mode OFF on input line 6328.
LaTeX Info: Redefining \ref on input line 6368.
LaTeX Info: Redefining \pageref on input line 6372.
\Hy@abspage=\count105
\c@Item=\count106
\c@Hfootnote=\count107
)

Package hyperref Message: Driver (autodetected): hpdftex.

(/usr/local/texlive/2016/texmf-dist/tex/latex/hyperref/hpdftex.def
File: hpdftex.def 2016/05/05 v6.83n Hyperref driver for pdfTeX
\Fld@listcount=\count108
\c@bookmark@seq@number=\count109

(/usr/local/texlive/2016/texmf-dist/tex/latex/oberdiek/rerunfilecheck.sty
Package: rerunfilecheck 2016/05/16 v1.8 Rerun checks for auxiliary files (HO)
Package uniquecounter Info: New unique counter `rerunfilecheck' on input line 2
82.
)
\Hy@SectionHShift=\skip51
)
\c@scheme=\count110
)
(/usr/local/texlive/2016/texmf-dist/tex/latex/geometry/geometry.sty
Package: geometry 2010/09/12 v5.6 Page Geometry
\Gm@cnth=\count111
\Gm@cntv=\count112
\c@Gm@tempcnt=\count113
\Gm@bindingoffset=\dimen118
\Gm@wd@mp=\dimen119
\Gm@odd@mp=\dimen120
\Gm@even@mp=\dimen121
\Gm@layoutwidth=\dimen122
\Gm@layoutheight=\dimen123
\Gm@layouthoffset=\dimen124
\Gm@layoutvoffset=\dimen125
\Gm@dimlist=\toks26
)
(/usr/local/texlive/2016/texmf-dist/tex/latex/graphics/graphicx.sty
Package: graphicx 2014/10/28 v1.0g Enhanced LaTeX Graphics (DPC,SPQR)

(/usr/local/texlive/2016/texmf-dist/tex/latex/graphics/graphics.sty
Package: graphics 2016/05/09 v1.0r Standard LaTeX Graphics (DPC,SPQR)

(/usr/local/texlive/2016/texmf-dist/tex/latex/graphics/trig.sty
Package: trig 2016/01/03 v1.10 sin cos tan (DPC)
)
(/usr/local/texlive/2016/texmf-dist/tex/latex/graphics-cfg/graphics.cfg
File: graphics.cfg 2016/01/02 v1.10 sample graphics configuration
)
Package graphics Info: Driver file: pdftex.def on input line 96.

(/usr/local/texlive/2016/texmf-dist/tex/latex/pdftex-def/pdftex.def
File: pdftex.def 2011/05/27 v0.06d Graphics/color for pdfTeX
\Gread@gobject=\count114
))
\Gin@req@height=\dimen126
\Gin@req@width=\dimen127
)
(/usr/local/texlive/2016/texmf-dist/tex/latex/ccaption/ccaption.sty
Package: ccaption 2011/08/07 v3.2c Extended captioning and new floats
\@contcwidth=\skip52
\@contindw=\skip53
\abovelegendskip=\skip54
\belowlegendskip=\skip55
\c@newflo@tctr=\count115
)
(/usr/local/texlive/2016/texmf-dist/tex/latex/caption/caption.sty
Package: caption 2016/02/21 v3.3-144 Customizing captions (AR)

(/usr/local/texlive/2016/texmf-dist/tex/latex/caption/caption3.sty
Package: caption3 2016/02/04 v1.7-139 caption3 kernel (AR)
Package caption3 Info: TeX engine: e-TeX on input line 67.
\captionmargin=\dimen128
\captionmargin@=\dimen129
\captionwidth=\dimen130
\caption@tempdima=\dimen131
\caption@indent=\dimen132
\caption@parindent=\dimen133
\caption@hangindent=\dimen134
Package caption Info: Unknown document class (or package),
(caption)             standard defaults will be used.
)

Package caption Warning: Unsupported document class (or package) detected,
(caption)                usage of the caption package is not recommended.
See the caption package documentation for explanation.

Package caption Info: \@makecaption = \long macro:#1#2->\let \@conttempa \relax
 \ifdim \prevdepth >-99\p@ \vskip \abovecaptionskip \else \def \@conttempa {\vb
ox to\topskip {}}\fi \let \@contfnote \footnote \renewcommand {\footnote }[2][]
{} \let \@contfmark \footnotemark \renewcommand {\footnotemark }[1][]{} \let \@
contlabel \label \renewcommand {\label }[1]{} \sbox \@tempboxa {\@contnfont #1\
@contdelim \@conttfont #2} \let \footnote \@contfnote \let \footnotemark \@cont
fmark \let \label \@contlabel \ifdim \wd \@tempboxa <\linewidth \centering \fi 
\if@contcw \centering \parbox {\@contcwidth }{\fi \if@conthang \sbox \@tempboxa
 {\@contnfont #1\@contdelim } \@contpre {\@contnfont #1\@contdelim }\@conttempa
 {\@contcstyle \hangindent =\wd \@tempboxa \hangafter =\@ne \@conttfont #2\par 
} \else \if@contindent \@contpre {\@contnfont #1\@contdelim }\@conttempa {\@con
tcstyle \hangindent =\@contindw \hangafter =\@ne \@conttfont #2\par } \else \@c
ontpre {\@contnfont #1\@contdelim }\@conttempa {\@contcstyle \@conttfont #2\par
 } \fi \fi \@contpost \if@contcw \par } \fi \vskip \belowcaptionskip .
Package caption Info: AMS or SMF document class.
\c@ContinuedFloat=\count116
Package caption Info: hyperref package is loaded.
) (/usr/local/texlive/2016/texmf-dist/tex/latex/caption/subcaption.sty
Package: subcaption 2016/02/20 v1.1-142 Sub-captions (AR)
\c@subfigure=\count117
\c@subtable=\count118
)
(/usr/local/texlive/2016/texmf-dist/tex/latex/siunitx/siunitx.sty
(/usr/local/texlive/2016/texmf-dist/tex/latex/l3kernel/expl3.sty
Package: expl3 2016/05/18 v6512 L3 programming layer (loader) 

(/usr/local/texlive/2016/texmf-dist/tex/latex/l3kernel/expl3-code.tex
Package: expl3 2016/05/18 v6512 L3 programming layer (code)
L3 Module: l3bootstrap 2016/02/12 v6412 L3 Bootstrap code
L3 Module: l3names 2016/03/11 v6433 L3 Namespace for primitives
L3 Module: l3basics 2015/11/22 v6315 L3 Basic definitions
L3 Module: l3expan 2015/09/10 v5983 L3 Argument expansion
L3 Module: l3tl 2016/03/26 v6465 L3 Token lists
L3 Module: l3str 2016/03/24 v6441 L3 Strings
L3 Module: l3seq 2015/08/05 v5777 L3 Sequences and stacks
L3 Module: l3int 2016/03/24 v6441 L3 Integers
\c_max_int=\count119
\l_tmpa_int=\count120
\l_tmpb_int=\count121
\g_tmpa_int=\count122
\g_tmpb_int=\count123
L3 Module: l3quark 2015/08/17 v5855 L3 Quarks
L3 Module: l3prg 2015/11/01 v6216 L3 Control structures
\g__prg_map_int=\count124
L3 Module: l3clist 2015/09/02 v5901 L3 Comma separated lists
L3 Module: l3token 2016/04/03 v6470 L3 Experimental token manipulation
L3 Module: l3prop 2016/01/05 v6366 L3 Property lists
L3 Module: l3msg 2016/03/26 v6464 L3 Messages
L3 Module: l3file 2016/03/25 v6458 L3 File and I/O operations
\l_iow_line_count_int=\count125
\l__iow_target_count_int=\count126
\l__iow_current_line_int=\count127
\l__iow_current_word_int=\count128
\l__iow_current_indentation_int=\count129
L3 Module: l3skip 2016/01/05 v6366 L3 Dimensions and skips
\c_zero_dim=\dimen135
\c_max_dim=\dimen136
\l_tmpa_dim=\dimen137
\l_tmpb_dim=\dimen138
\g_tmpa_dim=\dimen139
\g_tmpb_dim=\dimen140
\c_zero_skip=\skip56
\c_max_skip=\skip57
\l_tmpa_skip=\skip58
\l_tmpb_skip=\skip59
\g_tmpa_skip=\skip60
\g_tmpb_skip=\skip61
\c_zero_muskip=\muskip12
\c_max_muskip=\muskip13
\l_tmpa_muskip=\muskip14
\l_tmpb_muskip=\muskip15
\g_tmpa_muskip=\muskip16
\g_tmpb_muskip=\muskip17
L3 Module: l3keys 2015/11/17 v6284 L3 Key-value interfaces
\g__keyval_level_int=\count130
\l_keys_choice_int=\count131
L3 Module: l3fp 2016/03/26 v6465 L3 Floating points
\c__fp_leading_shift_int=\count132
\c__fp_middle_shift_int=\count133
\c__fp_trailing_shift_int=\count134
\c__fp_big_leading_shift_int=\count135
\c__fp_big_middle_shift_int=\count136
\c__fp_big_trailing_shift_int=\count137
\c__fp_Bigg_leading_shift_int=\count138
\c__fp_Bigg_middle_shift_int=\count139
\c__fp_Bigg_trailing_shift_int=\count140
L3 Module: l3box 2015/08/09 v5822 L3 Experimental boxes
\c_empty_box=\box29
\l_tmpa_box=\box30
\l_tmpb_box=\box31
\g_tmpa_box=\box32
\g_tmpb_box=\box33
L3 Module: l3coffins 2016/05/17 v6508 L3 Coffin code layer
\l__coffin_internal_box=\box34
\l__coffin_internal_dim=\dimen141
\l__coffin_offset_x_dim=\dimen142
\l__coffin_offset_y_dim=\dimen143
\l__coffin_x_dim=\dimen144
\l__coffin_y_dim=\dimen145
\l__coffin_x_prime_dim=\dimen146
\l__coffin_y_prime_dim=\dimen147
\c_empty_coffin=\box35
\l__coffin_aligned_coffin=\box36
\l__coffin_aligned_internal_coffin=\box37
\l_tmpa_coffin=\box38
\l_tmpb_coffin=\box39
\l__coffin_display_coffin=\box40
\l__coffin_display_coord_coffin=\box41
\l__coffin_display_pole_coffin=\box42
\l__coffin_display_offset_dim=\dimen148
\l__coffin_display_x_dim=\dimen149
\l__coffin_display_y_dim=\dimen150
L3 Module: l3color 2014/08/23 v5354 L3 Experimental color support
L3 Module: l3sys 2015/09/25 v6087 L3 Experimental system/runtime functions
L3 Module: l3candidates 2016/05/13 v6484 L3 Experimental additions to l3kernel
\l__box_top_dim=\dimen151
\l__box_bottom_dim=\dimen152
\l__box_left_dim=\dimen153
\l__box_right_dim=\dimen154
\l__box_top_new_dim=\dimen155
\l__box_bottom_new_dim=\dimen156
\l__box_left_new_dim=\dimen157
\l__box_right_new_dim=\dimen158
\l__box_internal_box=\box43
\l__coffin_bounding_shift_dim=\dimen159
\l__coffin_left_corner_dim=\dimen160
\l__coffin_right_corner_dim=\dimen161
\l__coffin_bottom_corner_dim=\dimen162
\l__coffin_top_corner_dim=\dimen163
\l__coffin_scaled_total_height_dim=\dimen164
\l__coffin_scaled_width_dim=\dimen165
L3 Module: l3luatex 2016/03/26 v6465 L3 Experimental LuaTeX-specific functions
)
(/usr/local/texlive/2016/texmf-dist/tex/latex/l3kernel/l3pdfmode.def
File: l3pdfmode.def 2016/03/26 v6465 L3 Experimental driver: PDF mode
\l__driver_color_stack_int=\count141
\l__driver_tmp_box=\box44
))
(/usr/local/texlive/2016/texmf-dist/tex/latex/l3packages/xparse/xparse.sty
Package: xparse 2016/05/18 v6512 L3 Experimental document command parser
\l__xparse_current_arg_int=\count142
\l__xparse_m_args_int=\count143
\l__xparse_mandatory_args_int=\count144
\l__xparse_processor_int=\count145
\l__xparse_v_nesting_int=\count146
)
Package: siunitx 2016/03/01 v2.6q A comprehensive (SI) units package

(/usr/local/texlive/2016/texmf-dist/tex/latex/tools/array.sty
Package: array 2014/10/28 v2.4c Tabular extension package (FMi)
\col@sep=\dimen166
\extrarowheight=\dimen167
\NC@list=\toks27
\extratabsurround=\skip62
\backup@length=\skip63
)
(/usr/local/texlive/2016/texmf-dist/tex/latex/l3packages/l3keys2e/l3keys2e.sty
Package: l3keys2e 2016/05/18 v6512 LaTeX2e option processing using LaTeX3 keys
)
\l__siunitx_tmp_box=\box45
\l__siunitx_tmp_dim=\dimen168
\l__siunitx_tmp_int=\count147
\l__siunitx_number_mantissa_length_int=\count148
\l__siunitx_number_uncert_length_int=\count149
\l__siunitx_round_int=\count150
\l__siunitx_process_decimal_int=\count151
\l__siunitx_process_uncertainty_int=\count152
\l__siunitx_process_fixed_int=\count153
\l__siunitx_process_integer_min_int=\count154
\l__siunitx_process_precision_int=\count155
\l__siunitx_group_min_int=\count156
\l__siunitx_angle_marker_box=\box46
\l__siunitx_angle_unit_box=\box47
\l__siunitx_angle_marker_dim=\dimen169
\l__siunitx_angle_unit_dim=\dimen170
\l__siunitx_unit_int=\count157
\l__siunitx_unit_denominator_int=\count158
\l__siunitx_unit_numerator_int=\count159
\l__siunitx_unit_prefix_int=\count160
\l__siunitx_unit_prefix_base_int=\count161
\l__siunitx_unit_prefix_gram_int=\count162
\l__siunitx_number_product_int=\count163
\c__siunitx_one_fill_skip=\skip64
\l__siunitx_table_unit_align_skip=\skip65
\l__siunitx_table_exponent_dim=\dimen171
\l__siunitx_table_integer_dim=\dimen172
\l__siunitx_table_mantissa_dim=\dimen173
\l__siunitx_table_marker_dim=\dimen174
\l__siunitx_table_result_dim=\dimen175
\l__siunitx_table_uncert_dim=\dimen176
\l__siunitx_table_fill_pre_dim=\dimen177
\l__siunitx_table_fill_post_dim=\dimen178
\l__siunitx_table_fill_mid_dim=\dimen179
\l__siunitx_table_pre_box=\box48
\l__siunitx_table_post_box=\box49
\l__siunitx_table_mantissa_box=\box50
\l__siunitx_table_result_box=\box51
\l__siunitx_table_number_align_skip=\skip66
\l__siunitx_table_text_align_skip=\skip67
.................................................
. LaTeX info: "xparse/define-command"
. 
. Defining command \DeclareBinaryPrefix with sig. 'mmm' on line 7218.
.................................................
.................................................
. LaTeX info: "xparse/define-command"
. 
. Defining command \DeclareSIPostPower with sig. 'mm' on line 7221.
.................................................
.................................................
. LaTeX info: "xparse/define-command"
. 
. Defining command \DeclareSIPrefix with sig. 'mmm' on line 7224.
.................................................
.................................................
. LaTeX info: "xparse/define-command"
. 
. Defining command \DeclareSIPrePower with sig. 'mm' on line 7227.
.................................................
.................................................
. LaTeX info: "xparse/define-command"
. 
. Defining command \DeclareSIQualifier with sig. 'mm' on line 7230.
.................................................
.................................................
. LaTeX info: "xparse/define-command"
. 
. Defining command \DeclareSIUnit with sig. 'O{}mm' on line 7233.
.................................................
.................................................
. LaTeX info: "xparse/define-command"
. 
. Defining command \DeclareSIUnitWithOptions with sig. 'mmm' on line 7236.
.................................................
.................................................
. LaTeX info: "xparse/define-command"
. 
. Defining command \ang with sig. 'o>{\SplitArgument {2}{;}}m' on line 7251.
.................................................
.................................................
. LaTeX info: "xparse/define-command"
. 
. Defining command \num with sig. 'om' on line 7260.
.................................................
.................................................
. LaTeX info: "xparse/define-command"
. 
. Defining command \numlist with sig. 'o>{\SplitList {;}}m' on line 7269.
.................................................
.................................................
. LaTeX info: "xparse/define-command"
. 
. Defining command \numrange with sig. 'omm' on line 7278.
.................................................
.................................................
. LaTeX info: "xparse/define-command"
. 
. Defining command \SIlist with sig. 'o>{\SplitList {;}}mm' on line 7290.
.................................................
.................................................
. LaTeX info: "xparse/define-command"
. 
. Defining command \SIrange with sig. 'ommm' on line 7302.
.................................................
.................................................
. LaTeX info: "xparse/define-command"
. 
. Defining command \SI with sig. 'omom' on line 7314.
.................................................
.................................................
. LaTeX info: "xparse/define-command"
. 
. Defining command \sisetup with sig. 'm' on line 7317.
.................................................
.................................................
. LaTeX info: "xparse/define-command"
. 
. Defining command \tablenum with sig. 'om' on line 7332.
.................................................
.................................................
. LaTeX info: "xparse/define-command"
. 
. Defining command \si with sig. 'om' on line 7344.
.................................................
.................................................
. LaTeX info: "xparse/define-command"
. 
. Defining command \__siunitx_bookmark_num:w with sig. 'om' on line 7391.
.................................................
.................................................
. LaTeX info: "xparse/define-command"
. 
. Defining command \__siunitx_bookmark_numrange:w with sig. 'omm' on line
. 7393.
.................................................
.................................................
. LaTeX info: "xparse/define-command"
. 
. Defining command \__siunitx_bookmark_SI:w with sig. 'omom' on line 7395.
.................................................
.................................................
. LaTeX info: "xparse/define-command"
. 
. Defining command \__siunitx_bookmark_SIlist:w with sig. 'omm' on line 7397.
.................................................
.................................................
. LaTeX info: "xparse/define-command"
. 
. Defining command \__siunitx_bookmark_SIrange:w with sig. 'ommm' on line
. 7399.
.................................................
.................................................
. LaTeX info: "xparse/define-command"
. 
. Defining command \__siunitx_bookmark_si:w with sig. 'om' on line 7400.
.................................................
\g__file_internal_ior=\read1
(/usr/local/texlive/2016/texmf-dist/tex/latex/beamer/translator/translator.sty
Package: translator 2010/06/12 ver 1.10

(/usr/local/texlive/2016/texmf-dist/tex/latex/beamer/translator/translator-lang
uage-mappings.tex)))
(/usr/local/texlive/2016/texmf-dist/tex/latex/mathtools/mathtools.sty
Package: mathtools 2015/11/12 v1.18 mathematical typesetting tools

(/usr/local/texlive/2016/texmf-dist/tex/latex/tools/calc.sty
Package: calc 2014/10/28 v4.3 Infix arithmetic (KKT,FJ)
\calc@Acount=\count164
\calc@Bcount=\count165
\calc@Adimen=\dimen180
\calc@Bdimen=\dimen181
\calc@Askip=\skip68
\calc@Bskip=\skip69
LaTeX Info: Redefining \setlength on input line 80.
LaTeX Info: Redefining \addtolength on input line 81.
\calc@Ccount=\count166
\calc@Cskip=\skip70
)
(/usr/local/texlive/2016/texmf-dist/tex/latex/mathtools/mhsetup.sty
Package: mhsetup 2010/01/21 v1.2a programming setup (MH)
)
LaTeX Info: Thecontrolsequence`\('isalreadyrobust on input line 129.
LaTeX Info: Thecontrolsequence`\)'isalreadyrobust on input line 129.
LaTeX Info: Thecontrolsequence`\['isalreadyrobust on input line 129.
LaTeX Info: Thecontrolsequence`\]'isalreadyrobust on input line 129.
\g_MT_multlinerow_int=\count167
\l_MT_multwidth_dim=\dimen182
\origjot=\skip71
\l_MT_shortvdotswithinadjustabove_dim=\dimen183
\l_MT_shortvdotswithinadjustbelow_dim=\dimen184
\l_MT_above_intertext_sep=\dimen185
\l_MT_below_intertext_sep=\dimen186
\l_MT_above_shortintertext_sep=\dimen187
\l_MT_below_shortintertext_sep=\dimen188
)
(/usr/local/texlive/2016/texmf-dist/tex/latex/amsfonts/amssymb.sty
Package: amssymb 2013/01/14 v3.01 AMS font symbols
)
(/usr/local/texlive/2016/texmf-dist/tex/latex/multirow/multirow.sty
\bigstrutjot=\dimen189
)
(/usr/local/texlive/2016/texmf-dist/tex/latex/booktabs/booktabs.sty
Package: booktabs 2016/04/27 v1.618033 publication quality tables
\heavyrulewidth=\dimen190
\lightrulewidth=\dimen191
\cmidrulewidth=\dimen192
\belowrulesep=\dimen193
\belowbottomsep=\dimen194
\aboverulesep=\dimen195
\abovetopsep=\dimen196
\cmidrulesep=\dimen197
\cmidrulekern=\dimen198
\defaultaddspace=\dimen256
\@cmidla=\count168
\@cmidlb=\count169
\@aboverulesep=\dimen257
\@belowrulesep=\dimen258
\@thisruleclass=\count170
\@lastruleclass=\count171
\@thisrulewidth=\dimen259
)
(/usr/local/texlive/2016/texmf-dist/tex/latex/extarrows/extarrows.sty
Package: extarrows 2008/05/15 v1.0b Some extensible arrows
)
(/usr/local/texlive/2016/texmf-dist/tex/latex/base/textcomp.sty
Package: textcomp 2005/09/27 v1.99g Standard LaTeX package
Package textcomp Info: Sub-encoding information:
(textcomp)               5 = only ISO-Adobe without \textcurrency
(textcomp)               4 = 5 + \texteuro
(textcomp)               3 = 4 + \textohm
(textcomp)               2 = 3 + \textestimated + \textcurrency
(textcomp)               1 = TS1 - \textcircled - \t
(textcomp)               0 = TS1 (full)
(textcomp)             Font families with sub-encoding setting implement
(textcomp)             only a restricted character set as indicated.
(textcomp)             Family '?' is the default used for unknown fonts.
(textcomp)             See the documentation for details.
Package textcomp Info: Setting ? sub-encoding to TS1/1 on input line 79.

(/usr/local/texlive/2016/texmf-dist/tex/latex/base/ts1enc.def
File: ts1enc.def 2001/06/05 v3.0e (jk/car/fm) Standard LaTeX file
)
LaTeX Info: Redefining \oldstylenums on input line 334.
Package textcomp Info: Setting cmr sub-encoding to TS1/0 on input line 349.
Package textcomp Info: Setting cmss sub-encoding to TS1/0 on input line 350.
Package textcomp Info: Setting cmtt sub-encoding to TS1/0 on input line 351.
Package textcomp Info: Setting cmvtt sub-encoding to TS1/0 on input line 352.
Package textcomp Info: Setting cmbr sub-encoding to TS1/0 on input line 353.
Package textcomp Info: Setting cmtl sub-encoding to TS1/0 on input line 354.
Package textcomp Info: Setting ccr sub-encoding to TS1/0 on input line 355.
Package textcomp Info: Setting ptm sub-encoding to TS1/4 on input line 356.
Package textcomp Info: Setting pcr sub-encoding to TS1/4 on input line 357.
Package textcomp Info: Setting phv sub-encoding to TS1/4 on input line 358.
Package textcomp Info: Setting ppl sub-encoding to TS1/3 on input line 359.
Package textcomp Info: Setting pag sub-encoding to TS1/4 on input line 360.
Package textcomp Info: Setting pbk sub-encoding to TS1/4 on input line 361.
Package textcomp Info: Setting pnc sub-encoding to TS1/4 on input line 362.
Package textcomp Info: Setting pzc sub-encoding to TS1/4 on input line 363.
Package textcomp Info: Setting bch sub-encoding to TS1/4 on input line 364.
Package textcomp Info: Setting put sub-encoding to TS1/5 on input line 365.
Package textcomp Info: Setting uag sub-encoding to TS1/5 on input line 366.
Package textcomp Info: Setting ugq sub-encoding to TS1/5 on input line 367.
Package textcomp Info: Setting ul8 sub-encoding to TS1/4 on input line 368.
Package textcomp Info: Setting ul9 sub-encoding to TS1/4 on input line 369.
Package textcomp Info: Setting augie sub-encoding to TS1/5 on input line 370.
Package textcomp Info: Setting dayrom sub-encoding to TS1/3 on input line 371.
Package textcomp Info: Setting dayroms sub-encoding to TS1/3 on input line 372.

Package textcomp Info: Setting pxr sub-encoding to TS1/0 on input line 373.
Package textcomp Info: Setting pxss sub-encoding to TS1/0 on input line 374.
Package textcomp Info: Setting pxtt sub-encoding to TS1/0 on input line 375.
Package textcomp Info: Setting txr sub-encoding to TS1/0 on input line 376.
Package textcomp Info: Setting txss sub-encoding to TS1/0 on input line 377.
Package textcomp Info: Setting txtt sub-encoding to TS1/0 on input line 378.
Package textcomp Info: Setting lmr sub-encoding to TS1/0 on input line 379.
Package textcomp Info: Setting lmdh sub-encoding to TS1/0 on input line 380.
Package textcomp Info: Setting lmss sub-encoding to TS1/0 on input line 381.
Package textcomp Info: Setting lmssq sub-encoding to TS1/0 on input line 382.
Package textcomp Info: Setting lmvtt sub-encoding to TS1/0 on input line 383.
Package textcomp Info: Setting lmtt sub-encoding to TS1/0 on input line 384.
Package textcomp Info: Setting qhv sub-encoding to TS1/0 on input line 385.
Package textcomp Info: Setting qag sub-encoding to TS1/0 on input line 386.
Package textcomp Info: Setting qbk sub-encoding to TS1/0 on input line 387.
Package textcomp Info: Setting qcr sub-encoding to TS1/0 on input line 388.
Package textcomp Info: Setting qcs sub-encoding to TS1/0 on input line 389.
Package textcomp Info: Setting qpl sub-encoding to TS1/0 on input line 390.
Package textcomp Info: Setting qtm sub-encoding to TS1/0 on input line 391.
Package textcomp Info: Setting qzc sub-encoding to TS1/0 on input line 392.
Package textcomp Info: Setting qhvc sub-encoding to TS1/0 on input line 393.
Package textcomp Info: Setting futs sub-encoding to TS1/4 on input line 394.
Package textcomp Info: Setting futx sub-encoding to TS1/4 on input line 395.
Package textcomp Info: Setting futj sub-encoding to TS1/4 on input line 396.
Package textcomp Info: Setting hlh sub-encoding to TS1/3 on input line 397.
Package textcomp Info: Setting hls sub-encoding to TS1/3 on input line 398.
Package textcomp Info: Setting hlst sub-encoding to TS1/3 on input line 399.
Package textcomp Info: Setting hlct sub-encoding to TS1/5 on input line 400.
Package textcomp Info: Setting hlx sub-encoding to TS1/5 on input line 401.
Package textcomp Info: Setting hlce sub-encoding to TS1/5 on input line 402.
Package textcomp Info: Setting hlcn sub-encoding to TS1/5 on input line 403.
Package textcomp Info: Setting hlcw sub-encoding to TS1/5 on input line 404.
Package textcomp Info: Setting hlcf sub-encoding to TS1/5 on input line 405.
Package textcomp Info: Setting pplx sub-encoding to TS1/3 on input line 406.
Package textcomp Info: Setting pplj sub-encoding to TS1/3 on input line 407.
Package textcomp Info: Setting ptmx sub-encoding to TS1/4 on input line 408.
Package textcomp Info: Setting ptmj sub-encoding to TS1/4 on input line 409.
)
(/usr/local/texlive/2016/texmf-dist/tex/latex/tools/longtable.sty
Package: longtable 2014/10/28 v4.11 Multi-page Table package (DPC)
\LTleft=\skip72
\LTright=\skip73
\LTpre=\skip74
\LTpost=\skip75
\LTchunksize=\count172
\LTcapwidth=\dimen260
\LT@head=\box52
\LT@firsthead=\box53
\LT@foot=\box54
\LT@lastfoot=\box55
\LT@cols=\count173
\LT@rows=\count174
\c@LT@tables=\count175
\c@LT@chunks=\count176
\LT@p@ftn=\toks28
)
(/usr/local/texlive/2016/texmf-dist/tex/latex/natbib/natbib.sty
Package: natbib 2010/09/13 8.31b (PWD, AO)
\bibhang=\skip76
\bibsep=\skip77
LaTeX Info: Redefining \cite on input line 694.
\c@NAT@ctr=\count177
)
(/usr/local/texlive/2016/texmf-dist/tex/latex/enumitem/enumitem.sty
Package: enumitem 2011/09/28 v3.5.2 Customized lists
\labelindent=\skip78
\enit@outerparindent=\dimen261
\enit@toks=\toks29
\enit@inbox=\box56
\enitdp@description=\count178
)
(/usr/local/texlive/2016/texmf-dist/tex/latex/comment/comment.sty
\CommentStream=\write3

Excluding comment 'comment')
(/usr/local/texlive/2016/texmf-dist/tex/latex/textgreek/textgreek.sty
Package: textgreek 2011/10/09 v0.7 Greek symbols in text
Package textgreek Info: Loading the definitions for the Greek fontencoding. on 
input line 39.

(/usr/local/texlive/2016/texmf-dist/tex/latex/greek-fontenc/lgrenc.def
File: lgrenc.def 2015/12/07 v0.13.1 LGR Greek font encoding definitions

(/usr/local/texlive/2016/texmf-dist/tex/latex/greek-fontenc/greek-fontenc.def
File: greek-fontenc.def 2015/08/04 v0.13 Common Greek font encoding definitions

))
Package textgreek Info: Loaded fontmap: {phv/*/*}{U/psy/*/*} {*/bx/n}{U/eur/b/n
} {*/b/n}{U/eur/b/n} {*/*/n}{U/eur/m/n} {*/*/it}{OML/*/*/*}. on input line 69.
) (./introduction_only.aux)
\openout1 = `introduction_only.aux'.

LaTeX Font Info:    Checking defaults for OML/cmm/m/it on input line 99.
LaTeX Font Info:    ... okay on input line 99.
LaTeX Font Info:    Checking defaults for T1/cmr/m/n on input line 99.
LaTeX Font Info:    ... okay on input line 99.
LaTeX Font Info:    Checking defaults for OT1/cmr/m/n on input line 99.
LaTeX Font Info:    ... okay on input line 99.
LaTeX Font Info:    Checking defaults for OMS/cmsy/m/n on input line 99.
LaTeX Font Info:    ... okay on input line 99.
LaTeX Font Info:    Checking defaults for OMX/cmex/m/n on input line 99.
LaTeX Font Info:    ... okay on input line 99.
LaTeX Font Info:    Checking defaults for U/cmr/m/n on input line 99.
LaTeX Font Info:    ... okay on input line 99.
LaTeX Font Info:    Checking defaults for PD1/pdf/m/n on input line 99.
LaTeX Font Info:    ... okay on input line 99.
LaTeX Font Info:    Checking defaults for TS1/cmr/m/n on input line 99.
LaTeX Font Info:    Try loading font information for TS1+cmr on input line 99.

(/usr/local/texlive/2016/texmf-dist/tex/latex/base/ts1cmr.fd
File: ts1cmr.fd 2014/09/29 v2.5h Standard LaTeX font definitions
)
LaTeX Font Info:    ... okay on input line 99.
LaTeX Font Info:    Checking defaults for LGR/cmr/m/n on input line 99.
LaTeX Font Info:    Try loading font information for LGR+cmr on input line 99.

(/usr/local/texlive/2016/texmf-dist/tex/latex/cbfonts-fd/lgrcmr.fd
File: lgrcmr.fd 2016/03/04 v1.1 Greek European Computer Regular
)
LaTeX Font Info:    ... okay on input line 99.
LaTeX Font Info:    Try loading font information for U+msa on input line 99.

(/usr/local/texlive/2016/texmf-dist/tex/latex/amsfonts/umsa.fd
File: umsa.fd 2013/01/14 v3.01 AMS symbols A
)
LaTeX Font Info:    Try loading font information for U+msb on input line 99.

(/usr/local/texlive/2016/texmf-dist/tex/latex/amsfonts/umsb.fd
File: umsb.fd 2013/01/14 v3.01 AMS symbols B
)
\AtBeginShipoutBox=\box57
Package hyperref Info: Link coloring OFF on input line 99.

(/usr/local/texlive/2016/texmf-dist/tex/latex/hyperref/nameref.sty
Package: nameref 2012/10/27 v2.43 Cross-referencing by name of section

(/usr/local/texlive/2016/texmf-dist/tex/generic/oberdiek/gettitlestring.sty
Package: gettitlestring 2016/05/16 v1.5 Cleanup title references (HO)
)
\c@section@level=\count179
)
LaTeX Info: Redefining \ref on input line 99.
LaTeX Info: Redefining \pageref on input line 99.
LaTeX Info: Redefining \nameref on input line 99.

(./introduction_only.out) (./introduction_only.out)
\@outlinefile=\write4
\openout4 = `introduction_only.out'.


*geometry* driver: auto-detecting
*geometry* detected driver: pdftex
*geometry* verbose mode - [ preamble ] result:
* driver: pdftex
* paper: letterpaper
* layout: <same size as paper>
* layoutoffset:(h,v)=(0.0pt,0.0pt)
* modes: includehead 
* h-part:(L,W,R)=(72.26999pt, 469.75502pt, 72.26999pt)
* v-part:(T,H,B)=(72.26999pt, 650.43001pt, 72.26999pt)
* \paperwidth=614.295pt
* \paperheight=794.96999pt
* \textwidth=469.75502pt
* \textheight=633.97624pt
* \oddsidemargin=0.0pt
* \evensidemargin=0.0pt
* \topmargin=0.0pt
* \headheight=2.0pt
* \headsep=14.45377pt
* \topskip=10.0pt
* \footskip=7.22743pt
* \marginparwidth=90.0pt
* \marginparsep=11.0pt
* \columnsep=10.0pt
* \skip\footins=7.0pt plus 11.0pt
* \hoffset=0.0pt
* \voffset=0.0pt
* \mag=1000
* \@twocolumnfalse
* \@twosidefalse
* \@mparswitchfalse
* \@reversemarginfalse
* (1in=72.27pt=25.4mm, 1cm=28.453pt)

(/usr/local/texlive/2016/texmf-dist/tex/context/base/mkii/supp-pdf.mkii
[Loading MPS to PDF converter (version 2006.09.02).]
\scratchcounter=\count180
\scratchdimen=\dimen262
\scratchbox=\box58
\nofMPsegments=\count181
\nofMParguments=\count182
\everyMPshowfont=\toks30
\MPscratchCnt=\count183
\MPscratchDim=\dimen263
\MPnumerator=\count184
\makeMPintoPDFobject=\count185
\everyMPtoPDFconversion=\toks31
) (/usr/local/texlive/2016/texmf-dist/tex/latex/oberdiek/epstopdf-base.sty
Package: epstopdf-base 2016/05/15 v2.6 Base part for package epstopdf

(/usr/local/texlive/2016/texmf-dist/tex/latex/oberdiek/grfext.sty
Package: grfext 2016/05/16 v1.2 Manage graphics extensions (HO)
)
Package grfext Info: Graphics extension search list:
(grfext)             [.png,.pdf,.jpg,.mps,.jpeg,.jbig2,.jb2,.PNG,.PDF,.JPG,.JPE
G,.JBIG2,.JB2,.eps]
(grfext)             \AppendGraphicsExtensions on input line 456.

(/usr/local/texlive/2016/texmf-dist/tex/latex/latexconfig/epstopdf-sys.cfg
File: epstopdf-sys.cfg 2010/07/13 v1.3 Configuration of (r)epstopdf for TeX Liv
e
))
Package caption Info: Begin \AtBeginDocument code.
Package caption Info: longtable package is loaded.

(/usr/local/texlive/2016/texmf-dist/tex/latex/caption/ltcaption.sty
Package: ltcaption 2013/06/09 v1.4-94 longtable captions (AR)
)
Package caption Info: End \AtBeginDocument code.

(/usr/local/texlive/2016/texmf-dist/tex/latex/beamer/translator/dicts/translato
r-basic-dictionary/translator-basic-dictionary-English.dict
Dictionary: translator-basic-dictionary, Language: English 
)
(/usr/local/texlive/2016/texmf-dist/tex/latex/siunitx/siunitx-abbreviations.cfg
File: siunitx-abbreviations.cfg 2016/03/01 v2.6q siunitx: Abbreviated units
)
\c__siunitx_mathsf_int=\count186
\c__siunitx_mathtt_int=\count187
 [1





{/usr/local/texlive/2016/texmf-var/fonts/map/pdftex/updmap/pdftex.map}]
Overfull \vbox (5.73332pt too high) has occurred while \output is active []


[2


]
ABSTRACT
(./text/abstract.tex
Overfull \vbox (5.73332pt too high) has occurred while \output is active []


[3


]

LaTeX Warning: Reference `appendix:software' on page 4 undefined on input line 
7.

)
Overfull \vbox (5.73332pt too high) has occurred while \output is active []


[4]
Acknowledgements
(./text/acknowledgements.tex) (./text/introduction.tex
Overfull \vbox (5.73332pt too high) has occurred while \output is active []


[5



]
Chapter 1

Underfull \vbox (badness 10000) has occurred while \output is active []


Overfull \vbox (5.73332pt too high) has occurred while \output is active []


[6


]
Overfull \vbox (5.73332pt too high) has occurred while \output is active []


[7]
Underfull \vbox (badness 10000) has occurred while \output is active []


Overfull \vbox (5.73332pt too high) has occurred while \output is active []


[8]
Underfull \vbox (badness 10000) has occurred while \output is active []


Overfull \vbox (5.73332pt too high) has occurred while \output is active []


[9]
Overfull \vbox (5.73332pt too high) has occurred while \output is active []


[10]
Overfull \vbox (5.73332pt too high) has occurred while \output is active []


[11]
Underfull \vbox (badness 10000) has occurred while \output is active []


Overfull \vbox (5.73332pt too high) has occurred while \output is active []


[12]
LaTeX Font Info:    Try loading font information for U+eur on input line 53.
 (/usr/local/texlive/2016/texmf-dist/tex/latex/amsfonts/ueur.fd
File: ueur.fd 2013/01/14 v3.01 Euler Roman
)
Underfull \vbox (badness 10000) has occurred while \output is active []


Overfull \vbox (5.73332pt too high) has occurred while \output is active []


[13]
Underfull \vbox (badness 10000) has occurred while \output is active []


Overfull \vbox (5.73332pt too high) has occurred while \output is active []


[14]
Missing character: There is no ‚ in font cmr12!
Missing character: There is no Ä in font cmr12!
Missing character: There is no ô in font cmr12!
Missing character: There is no ‚ in font cmr12!
Missing character: There is no Ä in font cmr12!
Missing character: There is no ú in font cmr12!
Missing character: There is no ‚ in font cmr12!
Missing character: There is no Ä in font cmr12!
Missing character: There is no ù in font cmr12!

Underfull \vbox (badness 4013) has occurred while \output is active []


Overfull \vbox (5.73332pt too high) has occurred while \output is active []


[15])
Underfull \vbox (badness 10000) has occurred while \output is active []


Overfull \vbox (5.73332pt too high) has occurred while \output is active []


[16] (./introduction_only.bbl
Overfull \vbox (5.73332pt too high) has occurred while \output is active []


[17]
References

Underfull \hbox (badness 10000) in paragraph at lines 52--61
[]\OT1/cmr/m/n/12 Benjamin Jay Frank-fort and Graeme Mar-don.  R8 de-vel-op-men
t in
 []


Underfull \hbox (badness 10000) in paragraph at lines 52--61
\OT1/cmr/m/n/12 the Drosophila eye: a par-a-digm for neu-ral se-lec-tion and di
f-fer-en-
 []


Underfull \hbox (badness 10000) in paragraph at lines 52--61
\OT1/cmr/m/n/12 ti-a-tion.  \OT1/cmr/m/it/12 De-vel-op-ment (Cam-bridge, Eng-la
nd)\OT1/cmr/m/n/12 , 129(6):1295--306, 2002.
 []


Underfull \hbox (badness 10000) in paragraph at lines 52--61
\OT1/cmr/m/n/12 ISSN 0950-1991.  URL []$\OT1/cmtt/m/n/12 https : / / www . sema
nticscholar . org / paper /
 []


Underfull \hbox (badness 10000) in paragraph at lines 52--61
\OT1/cmtt/m/n/12 R8-[]development-[]in-[]the-[]Drosophila-[]eye{%}3A-[]a-[]para
digm-[]Frankfort-[]Mardon /
 []


Underfull \hbox (badness 10000) in paragraph at lines 52--61
\OT1/cmtt/m/n/12 fac459f976737f3273b1733809e231aaf0c8d799http : / / www . ncbi 
. nlm . nih . gov /
 []


Underfull \vbox (badness 10000) has occurred while \output is active []


Overfull \vbox (5.73332pt too high) has occurred while \output is active []


[18


]
Missing character: There is no ‚ in font cmr12!
Missing character: There is no Ä in font cmr12!
Missing character: There is no ê in font cmr12!

Underfull \hbox (badness 1371) in paragraph at lines 130--142
\OT1/cmr/m/n/12 Neg-a-tive feed-back in the bone mor-pho-genetic pro-tein 4 (BM
P4) syn-ex-pres-sion
 []


Underfull \hbox (badness 1990) in paragraph at lines 130--142
\OT1/cmr/m/n/12 0027-8424.  doi: $10 . 1073 / pnas . 1100179108$.  URL []$\OT1/
cmtt/m/n/12 http : / / www . ncbi . nlm . nih .
 []


Underfull \hbox (badness 10000) in paragraph at lines 130--142
\OT1/cmtt/m/n/12 gov / pubmed / 21633009http : / / www . pubmedcentral . nih . 
gov / articlerender . fcgi ?
 []


Underfull \hbox (badness 10000) in paragraph at lines 144--153
\OT1/cmtt/m/n/12 semanticscholar . org / 6b1d / 9bd605bed0890a2f54a0f3e68323615
6a624 . pdfhttp :
 []


Underfull \vbox (badness 10000) has occurred while \output is active []


Overfull \vbox (5.73332pt too high) has occurred while \output is active []


[19]
Underfull \hbox (badness 10000) in paragraph at lines 198--205
[]$\OT1/cmtt/m/n/12 http : / / ac . els-[]cdn . com / S0303264705001176 / 1-[]s
2 . 0-[]S0303264705001176-[]main .
 []


Underfull \hbox (badness 10000) in paragraph at lines 198--205
\OT1/cmtt/m/n/12 pdf ? {_}tid = 1c7460a4-[]6972-[]11e7-[]8ef7-[]00000aab0f27{&}
acdnat =
 []


Underfull \hbox (badness 10000) in paragraph at lines 217--226
[]$\OT1/cmtt/m/n/12 http : / / www . ncbi . nlm . nih . gov / pubmed / 28320972
http : / / www . pubmedcentral . nih .
 []


Underfull \hbox (badness 10000) in paragraph at lines 217--226
\OT1/cmtt/m/n/12 gov / articlerender . fcgi ? artid = PMC5389321http : / / www 
. pnas . org / lookup / doi /
 []


Underfull \vbox (badness 10000) has occurred while \output is active []


Overfull \vbox (5.73332pt too high) has occurred while \output is active []


[20]
Underfull \hbox (badness 1142) in paragraph at lines 307--317
\OT1/cmr/m/n/12 Hu, Pablo Tamayo, David A Hafler, Philip L De Jager, Ge-of-frey
 J McLach-
 []


Underfull \hbox (badness 2635) in paragraph at lines 307--317
\OT1/cmr/m/n/12 lan, Clare Baecher-Allan, and Jill P Mesirov.  Au-to-mated high
-dimensional
 []


Underfull \hbox (badness 1946) in paragraph at lines 307--317
\OT1/cmr/m/n/12 flow cy-to-met-ric data anal-y-sis.  \OT1/cmr/m/it/12 Pro-ceed-
ings of the Na-tional Acad-emy of Sci-
 []


Underfull \hbox (badness 2181) in paragraph at lines 307--317
\OT1/cmr/m/it/12 ences\OT1/cmr/m/n/12 , 106(21):8519--8524, may 2009.  ISSN 002
7-8424.  doi: $10 . 1073 / pnas .
 []


Underfull \hbox (badness 1052) in paragraph at lines 307--317
\OT1/cmr/m/n/12 0903028106$.  URL []$\OT1/cmtt/m/n/12 http : / / www . ncbi . n
lm . nih . gov / pubmed / 19443687http : / / www .
 []


Underfull \hbox (badness 3713) in paragraph at lines 343--350
[]\OT1/cmr/m/n/12 Ben Lang-mead and Steven L Salzberg.  Fast gapped-read align-
ment with
 []


Underfull \hbox (badness 2150) in paragraph at lines 343--350
\OT1/cmr/m/n/12 Bowtie 2.  \OT1/cmr/m/it/12 Na-ture meth-ods\OT1/cmr/m/n/12 , 9
(4):357--9, apr 2012.  ISSN 1548-7105.  doi:
 []


Underfull \hbox (badness 2080) in paragraph at lines 343--350
\OT1/cmr/m/n/12 10 . 1038 / nmeth . 1923$.  URL []$\OT1/cmtt/m/n/12 http : / / 
www . nature . com / articles / nmeth . 1923http :
 []


Underfull \hbox (badness 10000) in paragraph at lines 343--350
\OT1/cmtt/m/n/12 / / www . ncbi . nlm . nih . gov / pubmed / 22388286{%}0Ahttp 
: / / www . pubmedcentral . nih .
 []


Underfull \vbox (badness 10000) has occurred while \output is active []


Overfull \vbox (5.73332pt too high) has occurred while \output is active []


[21]
Underfull \vbox (badness 10000) has occurred while \output is active []


Overfull \vbox (5.73332pt too high) has occurred while \output is active []


[22]
Underfull \hbox (badness 1910) in paragraph at lines 460--471
\OT1/cmr/m/n/12 nalling.  \OT1/cmr/m/it/12 Na-ture\OT1/cmr/m/n/12 , 456(7223):7
55--61, 2008.  ISSN 1476-4687.  doi: $10 . 1038 /
 []


Underfull \hbox (badness 1527) in paragraph at lines 460--471
\OT1/cmr/m/n/12 nature07513$.  URL []$\OT1/cmtt/m/n/12 https : / / www . nature
 . com / nature / journal / v456 / n7223 / pdf /
 []


Underfull \hbox (badness 3250) in paragraph at lines 480--491
\OT1/cmr/m/n/12 10 . 1073 / pnas . 97 . 9 . 4649$.  URL []$\OT1/cmtt/m/n/12 htt
p : / / www . pnas . org / content / pnas / 97 / 9 / 4649 .
 []


Underfull \hbox (badness 10000) in paragraph at lines 480--491
\OT1/cmtt/m/n/12 full . pdfhttp : / / www . pnas . org / cgi / doi / 10 . 1073 
/ pnas . 97 . 9 . 4649http : / / www .
 []


Underfull \hbox (badness 10000) in paragraph at lines 480--491
\OT1/cmtt/m/n/12 pnas . org / content / 97 / 9 / 4649 . full . pdfhttp : / / ww
w . pubmedcentral . nih . gov /
 []


Underfull \hbox (badness 10000) in paragraph at lines 494--504
[]$\OT1/cmtt/m/n/12 https : / / ac . els-[]cdn . com / S009286740900508X / 1-[]
s2 . 0-[]S009286740900508X-[]main .
 []


Underfull \hbox (badness 10000) in paragraph at lines 494--504
\OT1/cmtt/m/n/12 pdf ? {_}tid = e095f21a-[]73af-[]44bf-[]8998-[]fbeb03ab23d3{&}
acdnat =
 []


Underfull \hbox (badness 10000) in paragraph at lines 494--504
\OT1/cmtt/m/n/12 1523285892{_}3269a18d028b9b3e95e15a1c9e001929https : / / www .
 ncbi . nlm . nih .
 []


Underfull \hbox (badness 1286) in paragraph at lines 506--514
[]\OT1/cmr/m/n/12 Wenzhe Ma, Ala Trusina, Hana El-Samad, Wen-dell A Lim, and Ch
ao Tang.
 []


Underfull \hbox (badness 1152) in paragraph at lines 506--514
\OT1/cmr/m/n/12 Defin-ing Net-work Topolo-gies that Can Achieve Bio-chem-i-cal 
Adap-ta-tion.  \OT1/cmr/m/it/12 Cell\OT1/cmr/m/n/12 ,
 []


Underfull \hbox (badness 1043) in paragraph at lines 506--514
\OT1/cmr/m/n/12 138(4):760--773, 2009.  ISSN 00928674.  doi: $10 . 1016 / j . c
ell . 2009 . 06 . 013$.  URL
 []


Underfull \hbox (badness 10000) in paragraph at lines 506--514
[]$\OT1/cmtt/m/n/12 https : / / ac . els-[]cdn . com / S0092867409007120 / 1-[]
s2 . 0-[]S0092867409007120-[]main .
 []


Underfull \hbox (badness 10000) in paragraph at lines 506--514
\OT1/cmtt/m/n/12 pdf ? {_}tid = 257c8902-[]9152-[]4762-[]a24c-[]dec4af470d67{&}
acdnat =
 []


Underfull \vbox (badness 10000) has occurred while \output is active []


Overfull \vbox (5.73332pt too high) has occurred while \output is active []


[23]
Underfull \hbox (badness 10000) in paragraph at lines 580--586
[]\OT1/cmr/m/n/12 Zhi-Chun Lai and Ger-ald M Ru-bin.  Neg-a-tive Con-trol of Ph
o-tore-
 []


Underfull \hbox (badness 10000) in paragraph at lines 580--586
\OT1/cmr/m/n/12 cep-tor De-vel-op-ment in Drosophila by the Prod-uct of the yan
 Gene,
 []


Underfull \hbox (badness 10000) in paragraph at lines 580--586
\OT1/cmr/m/n/12 an ETS Do-main Pro-tein.  \OT1/cmr/m/it/12 Cell\OT1/cmr/m/n/12 
, 70(609420), 1992.  URL []$\OT1/cmtt/m/n/12 http :
 []


Underfull \hbox (badness 10000) in paragraph at lines 580--586
\OT1/cmtt/m/n/12 / / ac . els-[]cdn . com / 009286749290430K / 1-[]s2 . 0-[]009
286749290430K-[]main .
 []


Underfull \hbox (badness 10000) in paragraph at lines 580--586
\OT1/cmtt/m/n/12 pdf ? {_}tid = f955cd7a-[]1d35-[]11e7-[]9dfe-[]00000aab0f6b{&}
acdnat =
 []


Underfull \hbox (badness 10000) in paragraph at lines 603--614
\OT1/cmr/m/n/12 URL []$\OT1/cmtt/m/n/12 http : / / dev . biologists . org / con
tent / develop / 137 / 14 / 2265 . full .
 []


Underfull \hbox (badness 10000) in paragraph at lines 603--614
\OT1/cmtt/m/n/12 pdfhttp : / / dev . biologists . org / cgi / doi / 10 . 1242 /
 dev . 044826{%}5Cnpapers3 :
 []


Underfull \hbox (badness 10000) in paragraph at lines 603--614
\OT1/cmtt/m/n/12 / / publication / doi / 10 . 1242 / dev . 044826http : / / www
 . ncbi . nlm . nih . gov / pubmed /
 []


Underfull \vbox (badness 10000) has occurred while \output is active []


Overfull \vbox (5.73332pt too high) has occurred while \output is active []


[24]
Underfull \hbox (badness 10000) in paragraph at lines 640--647
[]$\OT1/cmtt/m/n/12 https : / / me . ucsb . edu / {[]}moehlis / APC514 / 2002{_
}2 . pdfhttp : / / www . ncbi . nlm .
 []


Underfull \hbox (badness 10000) in paragraph at lines 640--647
\OT1/cmtt/m/n/12 nih . gov / pubmed / 11099031{%}5Cnhttp : / / www . nature . c
om / nature / journal / v408 /
 []


Underfull \hbox (badness 1521) in paragraph at lines 649--657
\OT1/cmr/m/it/12 views. Ge-net-ics\OT1/cmr/m/n/12 , 8(6):450--61, 2007.  ISSN 1
471-0056.  doi: $10 . 1038 / nrg2102$.
 []


Underfull \hbox (badness 6775) in paragraph at lines 659--668
[]\OT1/cmr/m/n/12 Marcelo Be-har, Nan Hao, Hen-rik G Dohlman, and Tim-o-thy C E
l-ston.
 []


Underfull \hbox (badness 10000) in paragraph at lines 659--668
\OT1/cmr/m/n/12 Math-e-mat-i-cal and com-pu-ta-tional anal-y-sis of adap-ta-tio
n via feed-back in-
 []


Underfull \hbox (badness 6412) in paragraph at lines 659--668
\OT1/cmr/m/n/12 hi-bi-tion in sig-nal trans-duc-tion path-ways.  \OT1/cmr/m/it/
12 Bio-phys-i-cal jour-nal\OT1/cmr/m/n/12 , 93(3):806--
 []


Underfull \hbox (badness 6173) in paragraph at lines 659--668
\OT1/cmr/m/n/12 21, 2007.  ISSN 0006-3495.  doi: $10 . 1529 / biophysj . 107 . 
107516$.  URL
 []


Underfull \hbox (badness 10000) in paragraph at lines 659--668
[]$\OT1/cmtt/m/n/12 http : / / ac . els-[]cdn . com / S0006349507713383 / 1-[]s
2 . 0-[]S0006349507713383-[]main .
 []


Underfull \hbox (badness 10000) in paragraph at lines 659--668
\OT1/cmtt/m/n/12 pdf ? {_}tid = 227f53e0-[]8070-[]11e7-[]a70c-[]00000aab0f01{&}
acdnat =
 []


Underfull \hbox (badness 10000) in paragraph at lines 659--668
\OT1/cmtt/m/n/12 1502660656{_}cca3148074153087b8a339f6366981d5http : / / www . 
pubmedcentral .
 []


Underfull \hbox (badness 1132) in paragraph at lines 670--679
[]\OT1/cmr/m/n/12 Upinder S. Bhalla, Prahlad T. Ram, and Ravi Iyen-gar.  MAP Ki
-nase Phos-
 []


Underfull \hbox (badness 1210) in paragraph at lines 670--679
\OT1/cmr/m/n/12 phatase As a Lo-cus of Flex-i-bil-ity in a Mitogen-Activated Pr
o-tein Ki-nase Sig-
 []


Underfull \hbox (badness 1275) in paragraph at lines 670--679
\OT1/cmr/m/n/12 nal-ing Net-work.  \OT1/cmr/m/it/12 Sci-ence\OT1/cmr/m/n/12 , 2
97(5583):1018--1023, 2002.  ISSN 0036-8075, 1095-
 []


Underfull \hbox (badness 1552) in paragraph at lines 670--679
\OT1/cmr/m/n/12 9203.  doi: $10 . 1126 / science . 1068873$.  URL []$\OT1/cmtt/
m/n/12 http : / / science . sciencemag . org /
 []


Underfull \hbox (badness 10000) in paragraph at lines 670--679
\OT1/cmtt/m/n/12 content / sci / 297 / 5583 / 1018 . full . pdfhttp : / / www .
 sciencemag . org / content / 297 /
 []


Underfull \hbox (badness 10000) in paragraph at lines 670--679
\OT1/cmtt/m/n/12 5583 / 1018{%}5Cnhttp : / / www . ncbi . nlm . nih . gov / pub
med / 12169734{%}5Cnhttp :
 []


Underfull \vbox (badness 10000) has occurred while \output is active []


Overfull \vbox (5.73332pt too high) has occurred while \output is active []


[25]
Underfull \hbox (badness 1484) in paragraph at lines 703--710
[]\OT1/cmr/m/n/12 Mustafa Kham-mash.  An en-gi-neer-ing view-point on bi-o-log-
i-cal ro-bust-ness, mar
 []


Underfull \hbox (badness 10000) in paragraph at lines 703--710
\OT1/cmtt/m/n/12 1186 / s12915-[]016-[]0241-[]xhttp : / / www . ncbi . nlm . ni
h . gov / pubmed / 27007299http :
 []


Underfull \hbox (badness 10000) in paragraph at lines 746--755
[]$\OT1/cmtt/m/n/12 http : / / ac . els-[]cdn . com / S0092867412004643 / 1-[]s
2 . 0-[]S0092867412004643-[]main .
 []


Underfull \hbox (badness 10000) in paragraph at lines 746--755
\OT1/cmtt/m/n/12 pdf ? {_}tid = 7f25e6fa-[]8cd6-[]11e7-[]b642-[]00000aab0f6c{&}
acdnat =
 []


Underfull \hbox (badness 10000) in paragraph at lines 746--755
\OT1/cmtt/m/n/12 1504024034{_}ea251b3bd7d6068bb351a33d320fd66ahttp : / / ac . e
ls-[]cdn . com /
 []


Underfull \hbox (badness 10000) in paragraph at lines 757--766
[]$\OT1/cmtt/m/n/12 https : / / www . nature . com / nature / journal / v150 / 
n3811 / pdf / 150563a0 . pdfhttp :
 []


Underfull \vbox (badness 10000) has occurred while \output is active []


Overfull \vbox (5.73332pt too high) has occurred while \output is active []


[26]
Underfull \hbox (badness 1394) in paragraph at lines 821--829
[]\OT1/cmr/m/n/12 Suzanne L Ruther-ford and Su-san Lindquist.  Hsp90 as a ca-pa
c-i-tor for mor-
 []


Underfull \hbox (badness 10000) in paragraph at lines 821--829
\OT1/cmr/m/n/12 10 . 1038 / 24550$.  URL []$\OT1/cmtt/m/n/12 http : / / www . n
cbi . nlm . nih . gov / entrez / query . fcgi ?
 []


Underfull \hbox (badness 10000) in paragraph at lines 821--829
\OT1/cmtt/m/n/12 cmd = Retrieve{&}db = PubMed{&}dopt = Citation{&}list{_}uids =
 9845070https :
 []


Underfull \vbox (badness 10000) has occurred while \output is active []


Overfull \vbox (5.73332pt too high) has occurred while \output is active []


[27]
Underfull \hbox (badness 4441) in paragraph at lines 892--901
[]\OT1/cmr/m/n/12 Mark L Sie-gal and Jun-Yi Leu.  On the Na-ture and Evo-lu-tio
n-ary Im-
 []


Underfull \hbox (badness 1199) in paragraph at lines 892--901
\OT1/cmr/m/n/12 pact of Phe-no-typic Ro-bust-ness Mech-a-nisms.  \OT1/cmr/m/it/
12 An-nual Re-view of Ecol-ogy, Evo-
 []


Underfull \hbox (badness 1371) in paragraph at lines 892--901
\OT1/cmr/m/it/12 lu-tion, and Sys-tem-at-ics\OT1/cmr/m/n/12 , 45:495--517, 2014
.  ISSN 1543-592X.  doi: $10 . 1146 /
 []


Underfull \hbox (badness 1122) in paragraph at lines 924--932
[]\OT1/cmr/m/n/12 Michael Lynch.  The evo-lu-tion of ge-netic net-works by non-
adaptive pro-cesses.
 []


Underfull \hbox (badness 2753) in paragraph at lines 924--932
\OT1/cmr/m/it/12 Na-ture re-views. Ge-net-ics\OT1/cmr/m/n/12 , 8(10):803--13, 2
007.  ISSN 1471-0064.  doi: $10 .
 []


Underfull \hbox (badness 6775) in paragraph at lines 934--943
[]\OT1/cmr/m/n/12 Andreas Wag-ner.  How the global struc-ture of pro-tein in-te
r-ac-tion net-
 []


Underfull \hbox (badness 4752) in paragraph at lines 934--943
\OT1/cmr/m/n/12 works evolves.  \OT1/cmr/m/it/12 Pro-ceed-ings. Bi-o-log-i-cal 
sci-ences / The Royal So-ci-ety\OT1/cmr/m/n/12 , 270
 []


Underfull \hbox (badness 1917) in paragraph at lines 934--943
\OT1/cmr/m/n/12 (1514):457--66, 2003.  ISSN 0962-8452.  doi: $10 . 1098 / rspb 
. 2002 . 2269$.  URL
 []


Underfull \hbox (badness 10000) in paragraph at lines 934--943
[]$\OT1/cmtt/m/n/12 http : / / rspb . royalsocietypublishing . org / content / 
royprsb / 270 / 1514 /
 []


Underfull \hbox (badness 10000) in paragraph at lines 934--943
\OT1/cmtt/m/n/12 457 . full . pdfhttp : / / www . ncbi . nlm . nih . gov / pubm
ed / 12641899{%}5Cnhttp :
 []


Underfull \vbox (badness 10000) has occurred while \output is active []


Overfull \vbox (5.73332pt too high) has occurred while \output is active []


[28]
Underfull \hbox (badness 1221) in paragraph at lines 964--971
[]\OT1/cmr/m/n/12 Andreas Wag-ner.  Ro-bust-ness against mu-ta-tions in ge-neti
c net-works of yeast.
 []


Underfull \hbox (badness 6510) in paragraph at lines 964--971
\OT1/cmr/m/it/12 Na-ture ge-net-ics\OT1/cmr/m/n/12 , 24(4):355--61, 2000.  ISSN
 1061-4036.  doi: $10 . 1038 /
 []


Underfull \hbox (badness 4595) in paragraph at lines 964--971
\OT1/cmr/m/n/12 74174$.  URL []$\OT1/cmtt/m/n/12 http : / / www . nature . com 
. turing . library . northwestern . edu / ng /
 []

)
Package atveryend Info: Empty hook `BeforeClearDocument' on input line 145.

Overfull \vbox (5.73332pt too high) has occurred while \output is active []


[29]
Package atveryend Info: Empty hook `AfterLastShipout' on input line 145.
 (./introduction_only.aux)
Package atveryend Info: Executing hook `AtVeryEndDocument' on input line 145.
Package atveryend Info: Executing hook `AtEndAfterFileList' on input line 145.
Package rerunfilecheck Info: File `introduction_only.out' has not changed.
(rerunfilecheck)             Checksum: 445086E6D87FA41B7B595F3DA7BC198D;649.


LaTeX Warning: There were undefined references.

Package atveryend Info: Empty hook `AtVeryVeryEnd' on input line 145.
 ) 
Here is how much of TeX's memory you used:
 20477 strings out of 493014
 382519 string characters out of 6133351
 429830 words of memory out of 5000000
 23537 multiletter control sequences out of 15000+600000
 13275 words of font info for 52 fonts, out of 8000000 for 9000
 1302 hyphenation exceptions out of 8191
 40i,6n,42p,10390b,1062s stack positions out of 5000i,500n,10000p,200000b,80000s
{/usr/local/texlive/2016/texmf-dist/fonts/enc/dvips/cm-super/cm-super-ts1.enc
}</usr/local/texlive/2016/texmf-dist/fonts/type1/public/amsfonts/cm/cmbx12.pfb>
</usr/local/texlive/2016/texmf-dist/fonts/type1/public/amsfonts/cm/cmmi12.pfb><
/usr/local/texlive/2016/texmf-dist/fonts/type1/public/amsfonts/cm/cmr12.pfb></u
sr/local/texlive/2016/texmf-dist/fonts/type1/public/amsfonts/cm/cmsy10.pfb></us
r/local/texlive/2016/texmf-dist/fonts/type1/public/amsfonts/cm/cmti12.pfb></usr
/local/texlive/2016/texmf-dist/fonts/type1/public/amsfonts/cm/cmtt12.pfb></usr/
local/texlive/2016/texmf-dist/fonts/type1/public/amsfonts/euler/eurm10.pfb></us
r/local/texlive/2016/texmf-dist/fonts/type1/public/cm-super/sfrm1200.pfb>
Output written on introduction_only.pdf (29 pages, 161841 bytes).
PDF statistics:
 603 PDF objects out of 1000 (max. 8388607)
 558 compressed objects within 6 object streams
 130 named destinations out of 1000 (max. 500000)
 73 words of extra memory for PDF output out of 10000 (max. 10000000)

