\BOOKMARK [0][]{chapter*.1}{ABSTRACT}{}% 1
\BOOKMARK [0][]{chapter*.3}{Acknowledgements}{}% 2
\BOOKMARK [0][]{section*.4}{Table of Contents}{}% 3
\BOOKMARK [0][]{section*.5}{List of Tables}{}% 4
\BOOKMARK [0][]{section*.6}{List of Figures}{}% 5
\BOOKMARK [0][]{chapter.1}{Chapter 1. Ratiometric sensing of two transcription factors regulates a transit to differentiation}{}% 6
\BOOKMARK [1][]{section.1.1}{1.1. Introduction}{chapter.1}% 7
\BOOKMARK [1][]{section.1.2}{1.2. PntGFP expression dynamics in the developing eye }{chapter.1}% 8
\BOOKMARK [1][]{section.1.3}{1.3. The Pnt-to-Yan ratio varies between cells in different states }{chapter.1}% 9
\BOOKMARK [1][]{section.1.4}{1.4. Cooperative DNA-binding sensitizes transcriptional output to changes in Pnt-to-Yan ratio }{chapter.1}% 10
\BOOKMARK [1][]{section.1.5}{1.5. Regulation stabilizes the Pnt-to-Yan ratio against varying Pnt and Yan concentrations}{chapter.1}% 11
\BOOKMARK [1][]{section.1.6}{1.6. Notch signaling lowers the Pnt-to-Yan ratio in progenitor cells}{chapter.1}% 12
\BOOKMARK [1][]{section.1.7}{1.7. Ras signaling elevates the Pnt-to-Yan ratio in progenitor cells}{chapter.1}% 13
\BOOKMARK [1][]{section.1.8}{1.8. Discussion}{chapter.1}% 14
\BOOKMARK [0][]{chapter.2}{Chapter 2. Automated analysis of mosaic eye imaginal discs in Drosophila}{}% 15
\BOOKMARK [1][]{section.2.1}{2.1. Introduction}{chapter.2}% 16
\BOOKMARK [1][]{section.2.2}{2.2. Image segmentation and quantification of nuclear fluorescence levels}{chapter.2}% 17
\BOOKMARK [1][]{section.2.3}{2.3. Bleedthrough correction}{chapter.2}% 18
\BOOKMARK [1][]{section.2.4}{2.4. Automated annotation of clones}{chapter.2}% 19
\BOOKMARK [1][]{section.2.5}{2.5. Synthetic benchmarking of annotation performance}{chapter.2}% 20
\BOOKMARK [1][]{section.2.6}{2.6. Discussion}{chapter.2}% 21
\BOOKMARK [0][]{chapter*.21}{References}{}% 22
\BOOKMARK [0][]{appendix.A}{Appendix A. Methods}{}% 23
\BOOKMARK [1][]{section.A.1}{A.1. Automated analysis of mosaic eye imaginal discs in Drosophila}{appendix.A}% 24
\BOOKMARK [1][]{section.A.2}{A.2. Ratiometric sensing of two transcription factors regulates a transit to differentiation}{appendix.A}% 25
\BOOKMARK [0][]{appendix.B}{Appendix B. Supporting figures for Chapter 2}{}% 26
\BOOKMARK [0][]{appendix.C}{Appendix C. Supporting figures for Chapter 1}{}% 27
\BOOKMARK [0][]{appendix.D}{Appendix D. Resources}{}% 28
\BOOKMARK [1][]{section.D.1}{D.1. New tools for quantitative biologists}{appendix.D}% 29
\BOOKMARK [1][]{section.D.2}{D.2. Reproducibility and Supporting Data}{appendix.D}% 30
