This is pdfTeX, Version 3.14159265-2.6-1.40.17 (TeX Live 2016) (preloaded format=pdflatex 2016.5.22)  7 APR 2019 01:19
entering extended mode
 restricted \write18 enabled.
 %&-line parsing enabled.
**thesis.tex
(./thesis.tex
LaTeX2e <2016/03/31>
Babel <3.9r> and hyphenation patterns for 83 language(s) loaded.
(./nuthesis.cls
Document Class: nuthesis 2017/04/24 v1.16b by Miguel A. Lerma
(/usr/local/texlive/2016/texmf-dist/tex/latex/amscls/amsbook.cls
Document Class: amsbook 2015/03/04 v2.20.2
\linespacing=\dimen102
\normalparindent=\dimen103
\normaltopskip=\skip41
(/usr/local/texlive/2016/texmf-dist/tex/latex/amsmath/amsmath.sty
Package: amsmath 2016/03/10 v2.15b AMS math features
\@mathmargin=\skip42

For additional information on amsmath, use the `?' option.
(/usr/local/texlive/2016/texmf-dist/tex/latex/amsmath/amstext.sty
Package: amstext 2000/06/29 v2.01 AMS text

(/usr/local/texlive/2016/texmf-dist/tex/latex/amsmath/amsgen.sty
File: amsgen.sty 1999/11/30 v2.0 generic functions
\@emptytoks=\toks14
\ex@=\dimen104
))
(/usr/local/texlive/2016/texmf-dist/tex/latex/amsmath/amsbsy.sty
Package: amsbsy 1999/11/29 v1.2d Bold Symbols
\pmbraise@=\dimen105
)
(/usr/local/texlive/2016/texmf-dist/tex/latex/amsmath/amsopn.sty
Package: amsopn 2016/03/08 v2.02 operator names
)
\inf@bad=\count79
LaTeX Info: Redefining \frac on input line 199.
\uproot@=\count80
\leftroot@=\count81
LaTeX Info: Redefining \overline on input line 297.
\classnum@=\count82
\DOTSCASE@=\count83
LaTeX Info: Redefining \ldots on input line 394.
LaTeX Info: Redefining \dots on input line 397.
LaTeX Info: Redefining \cdots on input line 518.
\Mathstrutbox@=\box26
\strutbox@=\box27
\big@size=\dimen106
LaTeX Font Info:    Redeclaring font encoding OML on input line 634.
LaTeX Font Info:    Redeclaring font encoding OMS on input line 635.
\macc@depth=\count84
\c@MaxMatrixCols=\count85
\dotsspace@=\muskip10
\c@parentequation=\count86
\dspbrk@lvl=\count87
\tag@help=\toks15
\row@=\count88
\column@=\count89
\maxfields@=\count90
\andhelp@=\toks16
\eqnshift@=\dimen107
\alignsep@=\dimen108
\tagshift@=\dimen109
\tagwidth@=\dimen110
\totwidth@=\dimen111
\lineht@=\dimen112
\@envbody=\toks17
\multlinegap=\skip43
\multlinetaggap=\skip44
\mathdisplay@stack=\toks18
LaTeX Info: Redefining \[ on input line 2739.
LaTeX Info: Redefining \] on input line 2740.
)
LaTeX Font Info:    Try loading font information for U+msa on input line 367.

(/usr/local/texlive/2016/texmf-dist/tex/latex/amsfonts/umsa.fd
File: umsa.fd 2013/01/14 v3.01 AMS symbols A
)
(/usr/local/texlive/2016/texmf-dist/tex/latex/amsfonts/amsfonts.sty
Package: amsfonts 2013/01/14 v3.01 Basic AMSFonts support
\symAMSa=\mathgroup4
\symAMSb=\mathgroup5
LaTeX Font Info:    Overwriting math alphabet `\mathfrak' in version `bold'
(Font)                  U/euf/m/n --> U/euf/b/n on input line 106.
)
\copyins=\insert199
\abstractbox=\box28
\listisep=\skip45
\c@part=\count91
\c@chapter=\count92
\c@section=\count93
\c@subsection=\count94
\c@subsubsection=\count95
\c@paragraph=\count96
\c@subparagraph=\count97
\c@figure=\count98
\c@table=\count99
\abovecaptionskip=\skip46
\belowcaptionskip=\skip47
\captionindent=\dimen113
\thm@style=\toks19
\thm@bodyfont=\toks20
\thm@headfont=\toks21
\thm@notefont=\toks22
\thm@headpunct=\toks23
\thm@preskip=\skip48
\thm@postskip=\skip49
\thm@headsep=\skip50
\dth@everypar=\toks24
)
(/usr/local/texlive/2016/texmf-dist/tex/latex/setspace/setspace.sty
Package: setspace 2011/12/19 v6.7a set line spacing
)
(/usr/local/texlive/2016/texmf-dist/tex/latex/hyperref/hyperref.sty
Package: hyperref 2016/05/05 v6.83n Hypertext links for LaTeX

(/usr/local/texlive/2016/texmf-dist/tex/generic/oberdiek/hobsub-hyperref.sty
Package: hobsub-hyperref 2016/05/16 v1.14 Bundle oberdiek, subset hyperref (HO)


(/usr/local/texlive/2016/texmf-dist/tex/generic/oberdiek/hobsub-generic.sty
Package: hobsub-generic 2016/05/16 v1.14 Bundle oberdiek, subset generic (HO)
Package: hobsub 2016/05/16 v1.14 Construct package bundles (HO)
Package: infwarerr 2016/05/16 v1.4 Providing info/warning/error messages (HO)
Package: ltxcmds 2016/05/16 v1.23 LaTeX kernel commands for general use (HO)
Package: ifluatex 2016/05/16 v1.4 Provides the ifluatex switch (HO)
Package ifluatex Info: LuaTeX not detected.
Package: ifvtex 2016/05/16 v1.6 Detect VTeX and its facilities (HO)
Package ifvtex Info: VTeX not detected.
Package: intcalc 2016/05/16 v1.2 Expandable calculations with integers (HO)
Package: ifpdf 2016/05/14 v3.1 Provides the ifpdf switch
Package: etexcmds 2016/05/16 v1.6 Avoid name clashes with e-TeX commands (HO)
Package etexcmds Info: Could not find \expanded.
(etexcmds)             That can mean that you are not using pdfTeX 1.50 or
(etexcmds)             that some package has redefined \expanded.
(etexcmds)             In the latter case, load this package earlier.
Package: kvsetkeys 2016/05/16 v1.17 Key value parser (HO)
Package: kvdefinekeys 2016/05/16 v1.4 Define keys (HO)
Package: pdftexcmds 2016/05/10 v0.21 Utility functions of pdfTeX for LuaTeX (HO
)
Package pdftexcmds Info: LuaTeX not detected.
Package pdftexcmds Info: \pdf@primitive is available.
Package pdftexcmds Info: \pdf@ifprimitive is available.
Package pdftexcmds Info: \pdfdraftmode found.
Package: pdfescape 2016/05/16 v1.14 Implements pdfTeX's escape features (HO)
Package: bigintcalc 2016/05/16 v1.4 Expandable calculations on big integers (HO
)
Package: bitset 2016/05/16 v1.2 Handle bit-vector datatype (HO)
Package: uniquecounter 2016/05/16 v1.3 Provide unlimited unique counter (HO)
)
Package hobsub Info: Skipping package `hobsub' (already loaded).
Package: letltxmacro 2016/05/16 v1.5 Let assignment for LaTeX macros (HO)
Package: hopatch 2016/05/16 v1.3 Wrapper for package hooks (HO)
Package: xcolor-patch 2016/05/16 xcolor patch
Package: atveryend 2016/05/16 v1.9 Hooks at the very end of document (HO)
Package atveryend Info: \enddocument detected (standard20110627).
Package: atbegshi 2016/05/16 v1.17 At begin shipout hook (HO)
Package: refcount 2016/05/16 v3.5 Data extraction from label references (HO)
Package: hycolor 2016/05/16 v1.8 Color options for hyperref/bookmark (HO)
)
(/usr/local/texlive/2016/texmf-dist/tex/latex/graphics/keyval.sty
Package: keyval 2014/10/28 v1.15 key=value parser (DPC)
\KV@toks@=\toks25
)
(/usr/local/texlive/2016/texmf-dist/tex/generic/ifxetex/ifxetex.sty
Package: ifxetex 2010/09/12 v0.6 Provides ifxetex conditional
)
(/usr/local/texlive/2016/texmf-dist/tex/latex/oberdiek/auxhook.sty
Package: auxhook 2016/05/16 v1.4 Hooks for auxiliary files (HO)
)
(/usr/local/texlive/2016/texmf-dist/tex/latex/oberdiek/kvoptions.sty
Package: kvoptions 2016/05/16 v3.12 Key value format for package options (HO)
)
\@linkdim=\dimen114
\Hy@linkcounter=\count100
\Hy@pagecounter=\count101

(/usr/local/texlive/2016/texmf-dist/tex/latex/hyperref/pd1enc.def
File: pd1enc.def 2016/05/05 v6.83n Hyperref: PDFDocEncoding definition (HO)
)
\Hy@SavedSpaceFactor=\count102

(/usr/local/texlive/2016/texmf-dist/tex/latex/latexconfig/hyperref.cfg
File: hyperref.cfg 2002/06/06 v1.2 hyperref configuration of TeXLive
)
Package hyperref Info: Option `bookmarks' set `true' on input line 4322.
Package hyperref Info: Option `bookmarksopen' set `true' on input line 4322.
Package hyperref Info: Option `plainpages' set `false' on input line 4322.
Package hyperref Info: Option `pdfpagelabels' set `true' on input line 4322.
Package hyperref Info: Option `breaklinks' set `true' on input line 4322.
Package hyperref Info: Hyper figures OFF on input line 4446.
Package hyperref Info: Link nesting OFF on input line 4451.
Package hyperref Info: Hyper index ON on input line 4454.
Package hyperref Info: Plain pages OFF on input line 4461.
Package hyperref Info: Backreferencing OFF on input line 4466.
Package hyperref Info: Implicit mode ON; LaTeX internals redefined.
Package hyperref Info: Bookmarks ON on input line 4691.
\c@Hy@tempcnt=\count103

(/usr/local/texlive/2016/texmf-dist/tex/latex/url/url.sty
\Urlmuskip=\muskip11
Package: url 2013/09/16  ver 3.4  Verb mode for urls, etc.
)
LaTeX Info: Redefining \url on input line 5044.
\XeTeXLinkMargin=\dimen115
\Fld@menulength=\count104
\Field@Width=\dimen116
\Fld@charsize=\dimen117
Package hyperref Info: Hyper figures OFF on input line 6298.
Package hyperref Info: Link nesting OFF on input line 6303.
Package hyperref Info: Hyper index ON on input line 6306.
Package hyperref Info: backreferencing OFF on input line 6313.
Package hyperref Info: Link coloring OFF on input line 6318.
Package hyperref Info: Link coloring with OCG OFF on input line 6323.
Package hyperref Info: PDF/A mode OFF on input line 6328.
LaTeX Info: Redefining \ref on input line 6368.
LaTeX Info: Redefining \pageref on input line 6372.
\Hy@abspage=\count105
\c@Item=\count106
\c@Hfootnote=\count107
)

Package hyperref Message: Driver (autodetected): hpdftex.

(/usr/local/texlive/2016/texmf-dist/tex/latex/hyperref/hpdftex.def
File: hpdftex.def 2016/05/05 v6.83n Hyperref driver for pdfTeX
\Fld@listcount=\count108
\c@bookmark@seq@number=\count109

(/usr/local/texlive/2016/texmf-dist/tex/latex/oberdiek/rerunfilecheck.sty
Package: rerunfilecheck 2016/05/16 v1.8 Rerun checks for auxiliary files (HO)
Package uniquecounter Info: New unique counter `rerunfilecheck' on input line 2
82.
)
\Hy@SectionHShift=\skip51
)
\c@scheme=\count110
)
(/usr/local/texlive/2016/texmf-dist/tex/latex/geometry/geometry.sty
Package: geometry 2010/09/12 v5.6 Page Geometry
\Gm@cnth=\count111
\Gm@cntv=\count112
\c@Gm@tempcnt=\count113
\Gm@bindingoffset=\dimen118
\Gm@wd@mp=\dimen119
\Gm@odd@mp=\dimen120
\Gm@even@mp=\dimen121
\Gm@layoutwidth=\dimen122
\Gm@layoutheight=\dimen123
\Gm@layouthoffset=\dimen124
\Gm@layoutvoffset=\dimen125
\Gm@dimlist=\toks26
)
(/usr/local/texlive/2016/texmf-dist/tex/latex/graphics/graphicx.sty
Package: graphicx 2014/10/28 v1.0g Enhanced LaTeX Graphics (DPC,SPQR)

(/usr/local/texlive/2016/texmf-dist/tex/latex/graphics/graphics.sty
Package: graphics 2016/05/09 v1.0r Standard LaTeX Graphics (DPC,SPQR)

(/usr/local/texlive/2016/texmf-dist/tex/latex/graphics/trig.sty
Package: trig 2016/01/03 v1.10 sin cos tan (DPC)
)
(/usr/local/texlive/2016/texmf-dist/tex/latex/graphics-cfg/graphics.cfg
File: graphics.cfg 2016/01/02 v1.10 sample graphics configuration
)
Package graphics Info: Driver file: pdftex.def on input line 96.

(/usr/local/texlive/2016/texmf-dist/tex/latex/pdftex-def/pdftex.def
File: pdftex.def 2011/05/27 v0.06d Graphics/color for pdfTeX
\Gread@gobject=\count114
))
\Gin@req@height=\dimen126
\Gin@req@width=\dimen127
)
(/usr/local/texlive/2016/texmf-dist/tex/latex/ccaption/ccaption.sty
Package: ccaption 2011/08/07 v3.2c Extended captioning and new floats
\@contcwidth=\skip52
\@contindw=\skip53
\abovelegendskip=\skip54
\belowlegendskip=\skip55
\c@newflo@tctr=\count115
)
(/usr/local/texlive/2016/texmf-dist/tex/latex/caption/caption.sty
Package: caption 2016/02/21 v3.3-144 Customizing captions (AR)

(/usr/local/texlive/2016/texmf-dist/tex/latex/caption/caption3.sty
Package: caption3 2016/02/04 v1.7-139 caption3 kernel (AR)
Package caption3 Info: TeX engine: e-TeX on input line 67.
\captionmargin=\dimen128
\captionmargin@=\dimen129
\captionwidth=\dimen130
\caption@tempdima=\dimen131
\caption@indent=\dimen132
\caption@parindent=\dimen133
\caption@hangindent=\dimen134
Package caption Info: Unknown document class (or package),
(caption)             standard defaults will be used.
)

Package caption Warning: Unsupported document class (or package) detected,
(caption)                usage of the caption package is not recommended.
See the caption package documentation for explanation.

Package caption Info: \@makecaption = \long macro:#1#2->\let \@conttempa \relax
 \ifdim \prevdepth >-99\p@ \vskip \abovecaptionskip \else \def \@conttempa {\vb
ox to\topskip {}}\fi \let \@contfnote \footnote \renewcommand {\footnote }[2][]
{} \let \@contfmark \footnotemark \renewcommand {\footnotemark }[1][]{} \let \@
contlabel \label \renewcommand {\label }[1]{} \sbox \@tempboxa {\@contnfont #1\
@contdelim \@conttfont #2} \let \footnote \@contfnote \let \footnotemark \@cont
fmark \let \label \@contlabel \ifdim \wd \@tempboxa <\linewidth \centering \fi 
\if@contcw \centering \parbox {\@contcwidth }{\fi \if@conthang \sbox \@tempboxa
 {\@contnfont #1\@contdelim } \@contpre {\@contnfont #1\@contdelim }\@conttempa
 {\@contcstyle \hangindent =\wd \@tempboxa \hangafter =\@ne \@conttfont #2\par 
} \else \if@contindent \@contpre {\@contnfont #1\@contdelim }\@conttempa {\@con
tcstyle \hangindent =\@contindw \hangafter =\@ne \@conttfont #2\par } \else \@c
ontpre {\@contnfont #1\@contdelim }\@conttempa {\@contcstyle \@conttfont #2\par
 } \fi \fi \@contpost \if@contcw \par } \fi \vskip \belowcaptionskip .
Package caption Info: AMS or SMF document class.
\c@ContinuedFloat=\count116
Package caption Info: hyperref package is loaded.
) (/usr/local/texlive/2016/texmf-dist/tex/latex/caption/subcaption.sty
Package: subcaption 2016/02/20 v1.1-142 Sub-captions (AR)
\c@subfigure=\count117
\c@subtable=\count118
)
(/usr/local/texlive/2016/texmf-dist/tex/latex/mathtools/mathtools.sty
Package: mathtools 2015/11/12 v1.18 mathematical typesetting tools

(/usr/local/texlive/2016/texmf-dist/tex/latex/tools/calc.sty
Package: calc 2014/10/28 v4.3 Infix arithmetic (KKT,FJ)
\calc@Acount=\count119
\calc@Bcount=\count120
\calc@Adimen=\dimen135
\calc@Bdimen=\dimen136
\calc@Askip=\skip56
\calc@Bskip=\skip57
LaTeX Info: Redefining \setlength on input line 80.
LaTeX Info: Redefining \addtolength on input line 81.
\calc@Ccount=\count121
\calc@Cskip=\skip58
)
(/usr/local/texlive/2016/texmf-dist/tex/latex/mathtools/mhsetup.sty
Package: mhsetup 2010/01/21 v1.2a programming setup (MH)
)
LaTeX Info: Thecontrolsequence`\('isalreadyrobust on input line 129.
LaTeX Info: Thecontrolsequence`\)'isalreadyrobust on input line 129.
LaTeX Info: Thecontrolsequence`\['isalreadyrobust on input line 129.
LaTeX Info: Thecontrolsequence`\]'isalreadyrobust on input line 129.
\g_MT_multlinerow_int=\count122
\l_MT_multwidth_dim=\dimen137
\origjot=\skip59
\l_MT_shortvdotswithinadjustabove_dim=\dimen138
\l_MT_shortvdotswithinadjustbelow_dim=\dimen139
\l_MT_above_intertext_sep=\dimen140
\l_MT_below_intertext_sep=\dimen141
\l_MT_above_shortintertext_sep=\dimen142
\l_MT_below_shortintertext_sep=\dimen143
)
(/usr/local/texlive/2016/texmf-dist/tex/latex/amsfonts/amssymb.sty
Package: amssymb 2013/01/14 v3.01 AMS font symbols
)
(/usr/local/texlive/2016/texmf-dist/tex/latex/tools/array.sty
Package: array 2014/10/28 v2.4c Tabular extension package (FMi)
\col@sep=\dimen144
\extrarowheight=\dimen145
\NC@list=\toks27
\extratabsurround=\skip60
\backup@length=\skip61
)
(/usr/local/texlive/2016/texmf-dist/tex/latex/multirow/multirow.sty
\bigstrutjot=\dimen146
)
(/usr/local/texlive/2016/texmf-dist/tex/latex/booktabs/booktabs.sty
Package: booktabs 2016/04/27 v1.618033 publication quality tables
\heavyrulewidth=\dimen147
\lightrulewidth=\dimen148
\cmidrulewidth=\dimen149
\belowrulesep=\dimen150
\belowbottomsep=\dimen151
\aboverulesep=\dimen152
\abovetopsep=\dimen153
\cmidrulesep=\dimen154
\cmidrulekern=\dimen155
\defaultaddspace=\dimen156
\@cmidla=\count123
\@cmidlb=\count124
\@aboverulesep=\dimen157
\@belowrulesep=\dimen158
\@thisruleclass=\count125
\@lastruleclass=\count126
\@thisrulewidth=\dimen159
)
(/usr/local/texlive/2016/texmf-dist/tex/latex/extarrows/extarrows.sty
Package: extarrows 2008/05/15 v1.0b Some extensible arrows
)
(/usr/local/texlive/2016/texmf-dist/tex/latex/base/textcomp.sty
Package: textcomp 2005/09/27 v1.99g Standard LaTeX package
Package textcomp Info: Sub-encoding information:
(textcomp)               5 = only ISO-Adobe without \textcurrency
(textcomp)               4 = 5 + \texteuro
(textcomp)               3 = 4 + \textohm
(textcomp)               2 = 3 + \textestimated + \textcurrency
(textcomp)               1 = TS1 - \textcircled - \t
(textcomp)               0 = TS1 (full)
(textcomp)             Font families with sub-encoding setting implement
(textcomp)             only a restricted character set as indicated.
(textcomp)             Family '?' is the default used for unknown fonts.
(textcomp)             See the documentation for details.
Package textcomp Info: Setting ? sub-encoding to TS1/1 on input line 79.

(/usr/local/texlive/2016/texmf-dist/tex/latex/base/ts1enc.def
File: ts1enc.def 2001/06/05 v3.0e (jk/car/fm) Standard LaTeX file
)
LaTeX Info: Redefining \oldstylenums on input line 334.
Package textcomp Info: Setting cmr sub-encoding to TS1/0 on input line 349.
Package textcomp Info: Setting cmss sub-encoding to TS1/0 on input line 350.
Package textcomp Info: Setting cmtt sub-encoding to TS1/0 on input line 351.
Package textcomp Info: Setting cmvtt sub-encoding to TS1/0 on input line 352.
Package textcomp Info: Setting cmbr sub-encoding to TS1/0 on input line 353.
Package textcomp Info: Setting cmtl sub-encoding to TS1/0 on input line 354.
Package textcomp Info: Setting ccr sub-encoding to TS1/0 on input line 355.
Package textcomp Info: Setting ptm sub-encoding to TS1/4 on input line 356.
Package textcomp Info: Setting pcr sub-encoding to TS1/4 on input line 357.
Package textcomp Info: Setting phv sub-encoding to TS1/4 on input line 358.
Package textcomp Info: Setting ppl sub-encoding to TS1/3 on input line 359.
Package textcomp Info: Setting pag sub-encoding to TS1/4 on input line 360.
Package textcomp Info: Setting pbk sub-encoding to TS1/4 on input line 361.
Package textcomp Info: Setting pnc sub-encoding to TS1/4 on input line 362.
Package textcomp Info: Setting pzc sub-encoding to TS1/4 on input line 363.
Package textcomp Info: Setting bch sub-encoding to TS1/4 on input line 364.
Package textcomp Info: Setting put sub-encoding to TS1/5 on input line 365.
Package textcomp Info: Setting uag sub-encoding to TS1/5 on input line 366.
Package textcomp Info: Setting ugq sub-encoding to TS1/5 on input line 367.
Package textcomp Info: Setting ul8 sub-encoding to TS1/4 on input line 368.
Package textcomp Info: Setting ul9 sub-encoding to TS1/4 on input line 369.
Package textcomp Info: Setting augie sub-encoding to TS1/5 on input line 370.
Package textcomp Info: Setting dayrom sub-encoding to TS1/3 on input line 371.
Package textcomp Info: Setting dayroms sub-encoding to TS1/3 on input line 372.

Package textcomp Info: Setting pxr sub-encoding to TS1/0 on input line 373.
Package textcomp Info: Setting pxss sub-encoding to TS1/0 on input line 374.
Package textcomp Info: Setting pxtt sub-encoding to TS1/0 on input line 375.
Package textcomp Info: Setting txr sub-encoding to TS1/0 on input line 376.
Package textcomp Info: Setting txss sub-encoding to TS1/0 on input line 377.
Package textcomp Info: Setting txtt sub-encoding to TS1/0 on input line 378.
Package textcomp Info: Setting lmr sub-encoding to TS1/0 on input line 379.
Package textcomp Info: Setting lmdh sub-encoding to TS1/0 on input line 380.
Package textcomp Info: Setting lmss sub-encoding to TS1/0 on input line 381.
Package textcomp Info: Setting lmssq sub-encoding to TS1/0 on input line 382.
Package textcomp Info: Setting lmvtt sub-encoding to TS1/0 on input line 383.
Package textcomp Info: Setting lmtt sub-encoding to TS1/0 on input line 384.
Package textcomp Info: Setting qhv sub-encoding to TS1/0 on input line 385.
Package textcomp Info: Setting qag sub-encoding to TS1/0 on input line 386.
Package textcomp Info: Setting qbk sub-encoding to TS1/0 on input line 387.
Package textcomp Info: Setting qcr sub-encoding to TS1/0 on input line 388.
Package textcomp Info: Setting qcs sub-encoding to TS1/0 on input line 389.
Package textcomp Info: Setting qpl sub-encoding to TS1/0 on input line 390.
Package textcomp Info: Setting qtm sub-encoding to TS1/0 on input line 391.
Package textcomp Info: Setting qzc sub-encoding to TS1/0 on input line 392.
Package textcomp Info: Setting qhvc sub-encoding to TS1/0 on input line 393.
Package textcomp Info: Setting futs sub-encoding to TS1/4 on input line 394.
Package textcomp Info: Setting futx sub-encoding to TS1/4 on input line 395.
Package textcomp Info: Setting futj sub-encoding to TS1/4 on input line 396.
Package textcomp Info: Setting hlh sub-encoding to TS1/3 on input line 397.
Package textcomp Info: Setting hls sub-encoding to TS1/3 on input line 398.
Package textcomp Info: Setting hlst sub-encoding to TS1/3 on input line 399.
Package textcomp Info: Setting hlct sub-encoding to TS1/5 on input line 400.
Package textcomp Info: Setting hlx sub-encoding to TS1/5 on input line 401.
Package textcomp Info: Setting hlce sub-encoding to TS1/5 on input line 402.
Package textcomp Info: Setting hlcn sub-encoding to TS1/5 on input line 403.
Package textcomp Info: Setting hlcw sub-encoding to TS1/5 on input line 404.
Package textcomp Info: Setting hlcf sub-encoding to TS1/5 on input line 405.
Package textcomp Info: Setting pplx sub-encoding to TS1/3 on input line 406.
Package textcomp Info: Setting pplj sub-encoding to TS1/3 on input line 407.
Package textcomp Info: Setting ptmx sub-encoding to TS1/4 on input line 408.
Package textcomp Info: Setting ptmj sub-encoding to TS1/4 on input line 409.
)
(/usr/local/texlive/2016/texmf-dist/tex/latex/tools/longtable.sty
Package: longtable 2014/10/28 v4.11 Multi-page Table package (DPC)
\LTleft=\skip62
\LTright=\skip63
\LTpre=\skip64
\LTpost=\skip65
\LTchunksize=\count127
\LTcapwidth=\dimen160
\LT@head=\box29
\LT@firsthead=\box30
\LT@foot=\box31
\LT@lastfoot=\box32
\LT@cols=\count128
\LT@rows=\count129
\c@LT@tables=\count130
\c@LT@chunks=\count131
\LT@p@ftn=\toks28
)
(/usr/local/texlive/2016/texmf-dist/tex/latex/natbib/natbib.sty
Package: natbib 2010/09/13 8.31b (PWD, AO)
\bibhang=\skip66
\bibsep=\skip67
LaTeX Info: Redefining \cite on input line 694.
\c@NAT@ctr=\count132
) (./thesis.aux)
\openout1 = `thesis.aux'.

LaTeX Font Info:    Checking defaults for OML/cmm/m/it on input line 69.
LaTeX Font Info:    ... okay on input line 69.
LaTeX Font Info:    Checking defaults for T1/cmr/m/n on input line 69.
LaTeX Font Info:    ... okay on input line 69.
LaTeX Font Info:    Checking defaults for OT1/cmr/m/n on input line 69.
LaTeX Font Info:    ... okay on input line 69.
LaTeX Font Info:    Checking defaults for OMS/cmsy/m/n on input line 69.
LaTeX Font Info:    ... okay on input line 69.
LaTeX Font Info:    Checking defaults for OMX/cmex/m/n on input line 69.
LaTeX Font Info:    ... okay on input line 69.
LaTeX Font Info:    Checking defaults for U/cmr/m/n on input line 69.
LaTeX Font Info:    ... okay on input line 69.
LaTeX Font Info:    Checking defaults for PD1/pdf/m/n on input line 69.
LaTeX Font Info:    ... okay on input line 69.
LaTeX Font Info:    Checking defaults for TS1/cmr/m/n on input line 69.
LaTeX Font Info:    Try loading font information for TS1+cmr on input line 69.
(/usr/local/texlive/2016/texmf-dist/tex/latex/base/ts1cmr.fd
File: ts1cmr.fd 2014/09/29 v2.5h Standard LaTeX font definitions
)
LaTeX Font Info:    ... okay on input line 69.
LaTeX Font Info:    Try loading font information for U+msa on input line 69.

(/usr/local/texlive/2016/texmf-dist/tex/latex/amsfonts/umsa.fd
File: umsa.fd 2013/01/14 v3.01 AMS symbols A
)
LaTeX Font Info:    Try loading font information for U+msb on input line 69.

(/usr/local/texlive/2016/texmf-dist/tex/latex/amsfonts/umsb.fd
File: umsb.fd 2013/01/14 v3.01 AMS symbols B
)
\AtBeginShipoutBox=\box33
Package hyperref Info: Link coloring OFF on input line 69.

(/usr/local/texlive/2016/texmf-dist/tex/latex/hyperref/nameref.sty
Package: nameref 2012/10/27 v2.43 Cross-referencing by name of section

(/usr/local/texlive/2016/texmf-dist/tex/generic/oberdiek/gettitlestring.sty
Package: gettitlestring 2016/05/16 v1.5 Cleanup title references (HO)
)
\c@section@level=\count133
)
LaTeX Info: Redefining \ref on input line 69.
LaTeX Info: Redefining \pageref on input line 69.
LaTeX Info: Redefining \nameref on input line 69.

(./thesis.out) (./thesis.out)
\@outlinefile=\write3
\openout3 = `thesis.out'.


*geometry* driver: auto-detecting
*geometry* detected driver: pdftex
*geometry* verbose mode - [ preamble ] result:
* driver: pdftex
* paper: letterpaper
* layout: <same size as paper>
* layoutoffset:(h,v)=(0.0pt,0.0pt)
* modes: includehead 
* h-part:(L,W,R)=(72.26999pt, 469.75502pt, 72.26999pt)
* v-part:(T,H,B)=(72.26999pt, 650.43001pt, 72.26999pt)
* \paperwidth=614.295pt
* \paperheight=794.96999pt
* \textwidth=469.75502pt
* \textheight=602.29501pt
* \oddsidemargin=0.0pt
* \evensidemargin=0.0pt
* \topmargin=0.0pt
* \headheight=12.0pt
* \headsep=36.135pt
* \topskip=10.0pt
* \footskip=36.135pt
* \marginparwidth=90.0pt
* \marginparsep=11.0pt
* \columnsep=10.0pt
* \skip\footins=7.0pt plus 11.0pt
* \hoffset=0.0pt
* \voffset=0.0pt
* \mag=1000
* \@twocolumnfalse
* \@twosidefalse
* \@mparswitchfalse
* \@reversemarginfalse
* (1in=72.27pt=25.4mm, 1cm=28.453pt)

(/usr/local/texlive/2016/texmf-dist/tex/context/base/mkii/supp-pdf.mkii
[Loading MPS to PDF converter (version 2006.09.02).]
\scratchcounter=\count134
\scratchdimen=\dimen161
\scratchbox=\box34
\nofMPsegments=\count135
\nofMParguments=\count136
\everyMPshowfont=\toks29
\MPscratchCnt=\count137
\MPscratchDim=\dimen162
\MPnumerator=\count138
\makeMPintoPDFobject=\count139
\everyMPtoPDFconversion=\toks30
) (/usr/local/texlive/2016/texmf-dist/tex/latex/oberdiek/epstopdf-base.sty
Package: epstopdf-base 2016/05/15 v2.6 Base part for package epstopdf

(/usr/local/texlive/2016/texmf-dist/tex/latex/oberdiek/grfext.sty
Package: grfext 2016/05/16 v1.2 Manage graphics extensions (HO)
)
Package grfext Info: Graphics extension search list:
(grfext)             [.png,.pdf,.jpg,.mps,.jpeg,.jbig2,.jb2,.PNG,.PDF,.JPG,.JPE
G,.JBIG2,.JB2,.eps]
(grfext)             \AppendGraphicsExtensions on input line 456.

(/usr/local/texlive/2016/texmf-dist/tex/latex/latexconfig/epstopdf-sys.cfg
File: epstopdf-sys.cfg 2010/07/13 v1.3 Configuration of (r)epstopdf for TeX Liv
e
))
Package caption Info: Begin \AtBeginDocument code.
Package caption Info: longtable package is loaded.

(/usr/local/texlive/2016/texmf-dist/tex/latex/caption/ltcaption.sty
Package: ltcaption 2013/06/09 v1.4-94 longtable captions (AR)
)
Package caption Info: End \AtBeginDocument code.
 [1





{/usr/local/texlive/2016/texmf-var/fonts/map/pdftex/updmap/pdftex.map}] [2


]
ABSTRACT
(./text/abstract.tex
Missing character: There is no ‚ in font cmr12!
Missing character: There is no Ä in font cmr12!
Missing character: There is no ô in font cmr12!
 [3


]
Underfull \vbox (badness 10000) has occurred while \output is active []

 [4])
[5]
Acknowledgements
(./text/acknowledgements.tex) [6



]
Table of Contents
(./thesis.toc [7



])
\tf@toc=\write4
\openout4 = `thesis.toc'.

 [8]
List of Tables
(./thesis.lot)
\tf@lot=\write5
\openout5 = `thesis.lot'.

 [9



]
List of Figures
(./thesis.lof [10



])
\tf@lof=\write6
\openout6 = `thesis.lof'.

 [11] (./text/ratio.tex
Chapter 1
[12


]
Missing character: There is no ‚ in font cmr12!
Missing character: There is no Ä in font cmr12!
Missing character: There is no ê in font cmr12!
Missing character: There is no ‚ in font cmr12!
Missing character: There is no Ä in font cmr12!
Missing character: There is no ê in font cmr12!

Underfull \vbox (badness 10000) has occurred while \output is active []

 [13]
Underfull \vbox (badness 10000) has occurred while \output is active []

 [14]
Underfull \vbox (badness 10000) has occurred while \output is active []

 [15]
Underfull \vbox (badness 10000) has occurred while \output is active []

 [16]
<figures/ratio/./figure_1.png, id=413, 603.6954pt x 460.6008pt>
File: figures/ratio/./figure_1.png Graphic file (type png)

<use figures/ratio/./figure_1.png>
Package pdftex.def Info: figures/ratio/./figure_1.png used on input line 36.
(pdftex.def)             Requested size: 469.75502pt x 358.40973pt.


LaTeX Warning: `!h' float specifier changed to `!ht'.


LaTeX Warning: `!h' float specifier changed to `!ht'.

[17] [18 <./figures/ratio/./figure_1.png (PNG copy)>]
Underfull \vbox (badness 4144) has occurred while \output is active []

 [19]
Underfull \vbox (badness 10000) has occurred while \output is active []

 [20]
Underfull \vbox (badness 10000) has occurred while \output is active []

 [21]
Underfull \vbox (badness 10000) has occurred while \output is active []

 [22]
<figures/ratio/./figure_2.png, id=484, 515.7669pt x 473.8503pt>
File: figures/ratio/./figure_2.png Graphic file (type png)

<use figures/ratio/./figure_2.png>
Package pdftex.def Info: figures/ratio/./figure_2.png used on input line 67.
(pdftex.def)             Requested size: 426.11894pt x 391.48807pt.


LaTeX Warning: `!h' float specifier changed to `!ht'.


Underfull \vbox (badness 3612) has occurred while \output is active []

 [23]

LaTeX Warning: Text page 24 contains only floats.


Overfull \vbox (3.19305pt too high) has occurred while \output is active []


[24 <./figures/ratio/./figure_2.png (PNG copy)>]
Underfull \vbox (badness 10000) has occurred while \output is active []

 [25]
<figures/ratio/./figure_3.png, id=530, 540.0978pt x 198.5016pt>
File: figures/ratio/./figure_3.png Graphic file (type png)

<use figures/ratio/./figure_3.png>
Package pdftex.def Info: figures/ratio/./figure_3.png used on input line 90.
(pdftex.def)             Requested size: 469.75502pt x 172.64653pt.


LaTeX Warning: `!h' float specifier changed to `!ht'.


Underfull \vbox (badness 10000) has occurred while \output is active []

 [26]
[27 <./figures/ratio/./figure_3.png (PNG copy)>]
Underfull \vbox (badness 10000) has occurred while \output is active []

 [28]
<figures/ratio/./figure_4.png, id=557, 481.0773pt x 382.5492pt>
File: figures/ratio/./figure_4.png Graphic file (type png)

<use figures/ratio/./figure_4.png>
Package pdftex.def Info: figures/ratio/./figure_4.png used on input line 107.
(pdftex.def)             Requested size: 422.77664pt x 336.19485pt.
 [29] [30 <./figures/ratio/./figure_4.png (PNG copy)>]
Underfull \vbox (badness 10000) has occurred while \output is active []

 [31]
Underfull \vbox (badness 10000) has occurred while \output is active []

 [32]
<figures/ratio/./figure_5.png, id=620, 449.7603pt x 400.8576pt>
File: figures/ratio/./figure_5.png Graphic file (type png)

<use figures/ratio/./figure_5.png>
Package pdftex.def Info: figures/ratio/./figure_5.png used on input line 128.
(pdftex.def)             Requested size: 469.75502pt x 418.68646pt.


LaTeX Warning: `!h' float specifier changed to `!ht'.


LaTeX Warning: `!h' float specifier changed to `!ht'.

[33] [34 <./figures/ratio/./figure_5.png (PNG copy)>]
<figures/ratio/./figure_6.png, id=649, 373.8768pt x 221.1462pt>
File: figures/ratio/./figure_6.png Graphic file (type png)

<use figures/ratio/./figure_6.png>
Package pdftex.def Info: figures/ratio/./figure_6.png used on input line 148.
(pdftex.def)             Requested size: 373.87589pt x 221.14565pt.

Underfull \vbox (badness 10000) has occurred while \output is active []

 [35]
[36 <./figures/ratio/./figure_6.png (PNG copy)>]
Underfull \vbox (badness 10000) has occurred while \output is active []

 [37]
Underfull \vbox (badness 10000) has occurred while \output is active []

 [38]
<figures/ratio/./figure_7.png, id=686, 349.5459pt x 85.0377pt>
File: figures/ratio/./figure_7.png Graphic file (type png)

<use figures/ratio/./figure_7.png>
Package pdftex.def Info: figures/ratio/./figure_7.png used on input line 171.
(pdftex.def)             Requested size: 349.54504pt x 85.03748pt.
) (./text/clones.tex [39 <./figures/ratio/./figure_7.png (PNG copy)>] [40]
Chapter 2

Underfull \vbox (badness 1320) has occurred while \output is active []

 [41


]
Missing character: There is no ‚ in font cmr12!
Missing character: There is no à in font cmr12!
Missing character: There is no í in font cmr12!
Missing character: There is no ‚ in font cmr12!
Missing character: There is no à in font cmr12!
Missing character: There is no í in font cmr12!
Missing character: There is no ‚ in font cmr12!
Missing character: There is no à in font cmr12!
Missing character: There is no í in font cmr12!

Underfull \vbox (badness 10000) has occurred while \output is active []

 [42]
<./figures/clones/./figure_1.png, id=770, 567.5604pt x 579.6054pt>
File: ./figures/clones/./figure_1.png Graphic file (type png)

<use ./figures/clones/./figure_1.png>
Package pdftex.def Info: ./figures/clones/./figure_1.png used on input line 23.

(pdftex.def)             Requested size: 469.75502pt x 479.74574pt.
Missing character: There is no ‚ in font cmr12!
Missing character: There is no à in font cmr12!
Missing character: There is no í in font cmr12!
Missing character: There is no ‚ in font cmr12!
Missing character: There is no à in font cmr12!
Missing character: There is no í in font cmr12!
Missing character: There is no ‚ in font cmr12!
Missing character: There is no à in font cmr12!
Missing character: There is no í in font cmr12!
Missing character: There is no ‚ in font cmr12!
Missing character: There is no à in font cmr12!
Missing character: There is no í in font cmr12!
Missing character: There is no ‚ in font cmr12!
Missing character: There is no à in font cmr12!
Missing character: There is no í in font cmr12!
Missing character: There is no ‚ in font cmr12!
Missing character: There is no à in font cmr12!
Missing character: There is no í in font cmr12!


LaTeX Warning: `h' float specifier changed to `ht'.

Missing character: There is no ‚ in font cmr12!
Missing character: There is no Ä in font cmr12!
Missing character: There is no ô in font cmr12!

Underfull \vbox (badness 10000) has occurred while \output is active []

 [43]
Underfull \vbox (badness 10000) has occurred while \output is active []

 [44]
Underfull \vbox (badness 10000) has occurred while \output is active []

 [45]
Underfull \vbox (badness 10000) has occurred while \output is active []

 [46]
<./figures/clones/./figure_2.png, id=842, 395.5578pt x 122.3772pt>
File: ./figures/clones/./figure_2.png Graphic file (type png)

<use ./figures/clones/./figure_2.png>
Package pdftex.def Info: ./figures/clones/./figure_2.png used on input line 74.

(pdftex.def)             Requested size: 395.55682pt x 122.37688pt.

Underfull \vbox (badness 10000) has occurred while \output is active []

 [47]
Underfull \vbox (badness 10000) has occurred while \output is active []

 [48]
Underfull \vbox (badness 10000) has occurred while \output is active []

 [49]
<./figures/clones/./figure_3.png, id=889, 277.9986pt x 139.722pt>
File: ./figures/clones/./figure_3.png Graphic file (type png)

<use ./figures/clones/./figure_3.png>
Package pdftex.def Info: ./figures/clones/./figure_3.png used on input line 94.

(pdftex.def)             Requested size: 277.99791pt x 139.72165pt.
 [50]
Underfull \vbox (badness 10000) has occurred while \output is active []

 [51]
<./figures/clones/./figure_4.png, id=914, 111.7776pt x 97.8054pt>
File: ./figures/clones/./figure_4.png Graphic file (type png)

<use ./figures/clones/./figure_4.png>
Package pdftex.def Info: ./figures/clones/./figure_4.png used on input line 112
.
(pdftex.def)             Requested size: 111.77731pt x 97.80515pt.

Underfull \vbox (badness 10000) has occurred while \output is active []

 [52])
Underfull \vbox (badness 10000) has occurred while \output is active []

 [53]
(./thesis.bbl [54] [55 <./figures/clones/./figure_1.png (PNG copy)>] [56]
[57 <./figures/clones/./figure_2.png (PNG copy)> <./figures/clones/./figure_3.p
ng (PNG copy)>] [58 <./figures/clones/./figure_4.png (PNG copy)>]
References

Underfull \hbox (badness 10000) in paragraph at lines 9--18
[]$\OT1/cmtt/m/n/12 https : / / ac . els-[]cdn . com / S0092867400802408 / 1-[]
s2 . 0-[]S0092867400802408-[]main .
 []


Underfull \hbox (badness 10000) in paragraph at lines 9--18
\OT1/cmtt/m/n/12 pdf ? {_}tid = a1ac0cd4-[]e6df-[]46a9-[]929b-[]256dc6bb5031{&}
acdnat =
 []


Underfull \hbox (badness 10000) in paragraph at lines 9--18
\OT1/cmtt/m/n/12 1521552994{_}0bd11e44665e33813f08708743cad4f8http : / / linkin
ghub .
 []


Underfull \hbox (badness 10000) in paragraph at lines 34--47
[]$\OT1/cmtt/m/n/12 https : / / ac . els-[]cdn . com / S0012160608013560 / 1-[]
s2 . 0-[]S0012160608013560-[]main .
 []


Underfull \hbox (badness 10000) in paragraph at lines 34--47
\OT1/cmtt/m/n/12 pdf ? {_}tid = 9124866b-[]92ab-[]4aa5-[]835e-[]b0b1e01cb022{&}
acdnat =
 []


Underfull \hbox (badness 3088) in paragraph at lines 49--57
[]\OT1/cmr/m/n/12 Mary O'Riordan and Rudolf Gross-chedl.  Co-or-di-nate reg-u-l
a-tion of B cell
 []


Underfull \hbox (badness 2726) in paragraph at lines 49--57
\OT1/cmr/m/n/12 dif-fer-en-ti-a-tion by the tran-scrip-tion fac-tors EBF and E2
A.  \OT1/cmr/m/it/12 Im-mu-nity\OT1/cmr/m/n/12 , 11:
 []


Underfull \hbox (badness 1688) in paragraph at lines 49--57
\OT1/cmr/m/n/12 21--31, 1999.  ISSN 10747613.  doi: $10 . 1016 / S1074-[]7613(0
0 ) 80078-[]3$.  URL
 []


Underfull \hbox (badness 10000) in paragraph at lines 49--57
[]$\OT1/cmtt/m/n/12 https : / / ac . els-[]cdn . com / S1074761300800783 / 1-[]
s2 . 0-[]S1074761300800783-[]main .
 []


Underfull \hbox (badness 10000) in paragraph at lines 49--57
\OT1/cmtt/m/n/12 pdf ? {_}tid = 21992660-[]5fde-[]4241-[]8e1c-[]f8e71a18638f{&}
acdnat =
 []


Underfull \vbox (badness 10000) has occurred while \output is active []

 [59


]
Underfull \hbox (badness 2452) in paragraph at lines 81--93
\OT1/cmr/m/n/12 1240831$.  URL []$\OT1/cmtt/m/n/12 http : / / science . science
mag . org / content / sci / 341 / 6146 / 670 .
 []


Underfull \hbox (badness 10000) in paragraph at lines 81--93
\OT1/cmtt/m/n/12 full . pdfhttp : / / www . sciencemag . org / content / 341 / 
6146 / 670 . short{%}5Cnhttp :
 []


Underfull \hbox (badness 10000) in paragraph at lines 81--93
\OT1/cmtt/m/n/12 / / www . sciencemag . org / content / 341 / 6146 / 670 . full
 . pdfhttp : / / www . jem . org /
 []


Underfull \hbox (badness 1953) in paragraph at lines 95--102
\OT1/cmr/m/n/12 A bistable Rb-E2F switch un-der-lies the re-stric-tion point.  
\OT1/cmr/m/it/12 Na-ture Cell Bi-
 []


Underfull \hbox (badness 1418) in paragraph at lines 95--102
\OT1/cmr/m/it/12 ol-ogy\OT1/cmr/m/n/12 , 10(4):476--482, 2008.  ISSN 14657392. 
 doi: $10 . 1038 / ncb1711$.  URL
 []


Underfull \hbox (badness 10000) in paragraph at lines 95--102
[]$\OT1/cmtt/m/n/12 https : / / www . researchgate . net / profile / Lingchong{
_}You / publication /
 []


Overfull \hbox (60.07275pt too wide) in paragraph at lines 95--102
\OT1/cmtt/m/n/12 5487129{_}A{_}bistable{_}Rb-[]E2F{_}switch{_}underlies{_}the{_
}restriction{_}point /
 []


Underfull \hbox (badness 10000) in paragraph at lines 136--146
[]$\OT1/cmtt/m/n/12 https : / / ac . els-[]cdn . com / S0092867406009809 / 1-[]
s2 . 0-[]S0092867406009809-[]main .
 []


Underfull \hbox (badness 10000) in paragraph at lines 136--146
\OT1/cmtt/m/n/12 pdf ? {_}tid = 92734ac4-[]a659-[]4761-[]9be4-[]796f090733d5{&}
acdnat =
 []


Underfull \vbox (badness 10000) has occurred while \output is active []

 [60]
Underfull \hbox (badness 2080) in paragraph at lines 164--173
\OT1/cmr/m/n/12 pnas . 1611428114$.  URL []$\OT1/cmtt/m/n/12 http : / / www . n
cbi . nlm . nih . gov / pubmed / 28320972http :
 []


Underfull \hbox (badness 10000) in paragraph at lines 164--173
\OT1/cmtt/m/n/12 / / www . pubmedcentral . nih . gov / articlerender . fcgi ? a
rtid = PMC5389321http :
 []

Missing character: There is no ‚ in font cmr12!
Missing character: There is no Ä in font cmr12!
Missing character: There is no ì in font cmr12!

Underfull \hbox (badness 10000) in paragraph at lines 186--197
[]$\OT1/cmtt/m/n/12 http : / / www . ncbi . nlm . nih . gov / pubmed / 28495969
http : / / www . pubmedcentral .
 []


Underfull \hbox (badness 10000) in paragraph at lines 186--197
\OT1/cmtt/m/n/12 nih . gov / articlerender . fcgi ? artid = PMC5448168http : / 
/ www . pnas . org / lookup /
 []

Missing character: There is no ‚ in font cmr12!
Missing character: There is no Ä in font cmr12!
Missing character: There is no ê in font cmr12!

Underfull \hbox (badness 10000) in paragraph at lines 211--222
[]$\OT1/cmtt/m/n/12 http : / / www . ncbi . nlm . nih . gov / pubmed / 28034910
http : / / www . pubmedcentral .
 []


Underfull \hbox (badness 10000) in paragraph at lines 211--222
\OT1/cmtt/m/n/12 nih . gov / articlerender . fcgi ? artid = PMC5199120http : / 
/ msb . embopress . org /
 []


Underfull \vbox (badness 10000) has occurred while \output is active []

 [61]
Underfull \hbox (badness 1668) in paragraph at lines 246--255
[]\OT1/cmr/m/n/12 Chris Q. Doe.  Tem-po-ral pat-tern-ing in the Drosophila CNS.
  \OT1/cmr/m/it/12 An-nual Re-
 []


Underfull \hbox (badness 6758) in paragraph at lines 246--255
\OT1/cmr/m/it/12 view of Cell and De-vel-op-men-tal Bi-ol-ogy\OT1/cmr/m/n/12 , 
33:219--240, oct 2017.  ISSN
 []


Underfull \hbox (badness 10000) in paragraph at lines 246--255
\OT1/cmr/m/n/12 1081-0706.  doi: $10 . 1146 / annurev-[]cellbio-[]111315-[]1252
10$.  URL []$\OT1/cmtt/m/n/12 http :
 []


Underfull \hbox (badness 10000) in paragraph at lines 246--255
\OT1/cmtt/m/n/12 / / www . annualreviews . org / doi / 10 . 1146 / annurev-[]ce
llbio-[]111315-[]125210http :
 []


Underfull \hbox (badness 10000) in paragraph at lines 246--255
\OT1/cmtt/m/n/12 / / www . ncbi . nlm . nih . gov / pubmed / 28992439{%}0Ahttp 
: / / www . annualreviews .
 []


Underfull \vbox (badness 10000) has occurred while \output is active []

 [62]
Underfull \hbox (badness 1097) in paragraph at lines 353--365
[]\OT1/cmr/m/n/12 Gong Hong Wei, Gwe-nael Badis, Michael F. Berger, Teemu Kiv-i
oja, Kimmo
 []


Underfull \vbox (badness 10000) has occurred while \output is active []

 [63]
Underfull \hbox (badness 1394) in paragraph at lines 404--415
\OT1/cmr/m/n/12 Re-bay.  Col-lab-o-ra-tive re-pres-sive ac-tion of the an-tag-o
-nis-tic ETS tran-scrip-tion
 []


Underfull \hbox (badness 2653) in paragraph at lines 404--415
\OT1/cmr/m/n/12 fac-tors Pointed and Yan fine-tunes gene ex-pres-sion to con-fe
r ro-bust-ness in
 []


Underfull \hbox (badness 10000) in paragraph at lines 404--415
\OT1/cmtt/m/n/12 / / www . pubmedcentral . nih . gov / articlerender . fcgi ? a
rtid = PMC6053666http :
 []


Underfull \hbox (badness 10000) in paragraph at lines 430--441
\OT1/cmtt/m/n/12 pdfhttp : / / dev . biologists . org / cgi / doi / 10 . 1242 /
 dev . 044826{%}5Cnpapers3 :
 []


Underfull \hbox (badness 10000) in paragraph at lines 430--441
\OT1/cmtt/m/n/12 / / publication / doi / 10 . 1242 / dev . 044826http : / / www
 . ncbi . nlm . nih . gov / pubmed /
 []


Underfull \vbox (badness 10000) has occurred while \output is active []

 [64]
Underfull \hbox (badness 10000) in paragraph at lines 492--502
\OT1/cmtt/m/n/12 / / www . ncbi . nlm . nih . gov / pubmed / 17108002http : / /
 dev . biologists . org / cgi /
 []


Underfull \hbox (badness 2941) in paragraph at lines 526--534
\OT1/cmr/m/n/12 An ac-ti-vated Notch re-cep-tor blocks cell-fate com-mit-ment i
n the de-vel-op-ing
 []


Underfull \vbox (badness 10000) has occurred while \output is active []

 [65]
Underfull \hbox (badness 7362) in paragraph at lines 584--594
\OT1/cmr/m/n/12 doi: $10 . 7554 / eLife . 04837$.  URL []$\OT1/cmtt/m/n/12 http
s : / / search . proquest . com / openview /
 []


Underfull \hbox (badness 10000) in paragraph at lines 597--607
\OT1/cmtt/m/n/12 / / www . sciencedirect . com / science / article / pii / S009
2867404006634http :
 []


Underfull \vbox (badness 10000) has occurred while \output is active []

 [66]
Underfull \hbox (badness 10000) in paragraph at lines 679--688
\OT1/cmtt/m/n/12 gov / pubmed / 11245584http : / / www . pubmedcentral . nih . 
gov / articlerender . fcgi ?
 []


Underfull \hbox (badness 1838) in paragraph at lines 709--717
[]\OT1/cmr/m/n/12 Yanxia Li and Nicholas E. Baker.  Proneu-ral en-hance-ment by
 Notch over-
 []


Underfull \hbox (badness 1418) in paragraph at lines 709--717
\OT1/cmr/m/it/12 Cur-rent Bi-ol-ogy\OT1/cmr/m/n/12 , 11(5):330--338, mar 2001. 
 ISSN 09609822.  doi: $10 . 1016 /
 []


Underfull \vbox (badness 10000) has occurred while \output is active []

 [67]
Underfull \hbox (badness 10000) in paragraph at lines 740--748
\OT1/cmtt/m/n/12 355559a0 . pdfhttp : / / www . ncbi . nlm . nih . gov / pubmed
 / 1311054{%}5Cnhttp :
 []


Underfull \hbox (badness 10000) in paragraph at lines 740--748
\OT1/cmtt/m/n/12 / / www . nature . com / nature / journal / v355 / n6360 / pdf
 / 355559a0 . pdf{%}5Cnhttp :
 []


Underfull \hbox (badness 10000) in paragraph at lines 788--800
\OT1/cmtt/m/n/12 nih . gov / pubmed / 20048052http : / / www . pubmedcentral . 
nih . gov / articlerender .
 []


Underfull \vbox (badness 10000) has occurred while \output is active []

 [68]
Underfull \vbox (badness 10000) has occurred while \output is active []

 [69]
Underfull \hbox (badness 1939) in paragraph at lines 903--913
\OT1/cmr/m/n/12 lan, Clare Baecher-Allan, and Jill P Mesirov.  Au-to-mated high
-dimensional
 []


Underfull \hbox (badness 1436) in paragraph at lines 903--913
\OT1/cmr/m/n/12 flow cy-to-met-ric data anal-y-sis.  \OT1/cmr/m/it/12 Pro-ceed-
ings of the Na-tional Acad-emy of Sci-
 []


Underfull \hbox (badness 1668) in paragraph at lines 903--913
\OT1/cmr/m/it/12 ences\OT1/cmr/m/n/12 , 106(21):8519--8524, may 2009.  ISSN 002
7-8424.  doi: $10 . 1073 / pnas .
 []


Underfull \hbox (badness 2865) in paragraph at lines 939--946
[]\OT1/cmr/m/n/12 Ben Lang-mead and Steven L Salzberg.  Fast gapped-read align-
ment with
 []


Underfull \hbox (badness 1728) in paragraph at lines 939--946
\OT1/cmr/m/n/12 Bowtie 2.  \OT1/cmr/m/it/12 Na-ture meth-ods\OT1/cmr/m/n/12 , 9
(4):357--9, apr 2012.  ISSN 1548-7105.  doi:
 []


Underfull \hbox (badness 10000) in paragraph at lines 939--946
\OT1/cmtt/m/n/12 / / www . ncbi . nlm . nih . gov / pubmed / 22388286{%}0Ahttp 
: / / www . pubmedcentral .
 []


Underfull \vbox (badness 10000) has occurred while \output is active []

 [70]
Underfull \vbox (badness 10000) has occurred while \output is active []

 [71]
Underfull \vbox (badness 10000) has occurred while \output is active []

 [72]
Underfull \vbox (badness 10000) has occurred while \output is active []

 [73]
Underfull \hbox (badness 1424) in paragraph at lines 1278--1286
\OT1/cmr/m/n/12 1186 / 1471-[]2105-[]11-[]372$.  URL []$\OT1/cmtt/m/n/12 http :
 / / bmcbioinformatics . biomedcentral . com /
 []


Underfull \vbox (badness 10000) has occurred while \output is active []

 [74]
Underfull \hbox (badness 1005) in paragraph at lines 1338--1345
\OT1/cmr/m/n/12 Ef-fi-ciency us-ing Spec-tral Imag-ing.  \OT1/cmr/m/it/12 Sci-e
n-tific Re-ports\OT1/cmr/m/n/12 , 7(1), dec 2017.  ISSN
 []


Underfull \hbox (badness 1515) in paragraph at lines 1338--1345
\OT1/cmr/m/n/12 20452322.  doi: $10 . 1038 / s41598-[]017-[]15411-[]8$.  URL []
$\OT1/cmtt/m/n/12 http : / / www . nature . com /
 []


Underfull \hbox (badness 3895) in paragraph at lines 1357--1367
[]\OT1/cmr/m/n/12 Patrick D. Mc-Mullen, Richard I. Mo-ri-moto, and Lu^^S^^Ps A.
 Nunes Ama-ral.
 []


Underfull \hbox (badness 3815) in paragraph at lines 1357--1367
\OT1/cmr/m/n/12 Phys-i-cally grounded ap-proach for es-ti-mat-ing gene ex-pres-
sion from mi-croar-
 []


Underfull \hbox (badness 1742) in paragraph at lines 1357--1367
\OT1/cmr/m/n/12 ray data.  \OT1/cmr/m/it/12 Pro-ceed-ings of the Na-tional Acad
-emy of Sci-ences\OT1/cmr/m/n/12 , 107(31):13690--
 []


Underfull \hbox (badness 1817) in paragraph at lines 1357--1367
\OT1/cmr/m/n/12 13695, aug 2010.  ISSN 1091-6490.  doi: $10 . 1073 / pnas . 100
0938107$.  URL
 []


Underfull \hbox (badness 10000) in paragraph at lines 1357--1367
[]$\OT1/cmtt/m/n/12 http : / / www . ncbi . nlm . nih . gov / pubmed / 20643961
http : / / www . pubmedcentral .
 []


Underfull \hbox (badness 10000) in paragraph at lines 1357--1367
\OT1/cmtt/m/n/12 nih . gov / articlerender . fcgi ? artid = PMC2922271http : / 
/ dx . doi . org / 10 .
 []


Underfull \hbox (badness 10000) in paragraph at lines 1357--1367
\OT1/cmtt/m/n/12 1073 / pnas . 1000938107{%}5Cnhttp : / / www . pnas . org / co
ntent / 107 / 31 / 13690 .
 []


Underfull \vbox (badness 10000) has occurred while \output is active []

 [75]
Underfull \hbox (badness 7907) in paragraph at lines 1401--1410
[]\OT1/cmr/m/n/12 Pierre Dourlen, Clemence Levet, Alexan-dre Me-jat, Alexis Gam
-bis, and
 []


Underfull \hbox (badness 3872) in paragraph at lines 1401--1410
\OT1/cmr/m/n/12 Bertrand Mollereau.  The Tomato/GFP-FLP/FRT Method for Live Ima
g-
 []


Underfull \hbox (badness 1910) in paragraph at lines 1401--1410
\OT1/cmr/m/n/12 ing of Mo-saic Adult Drosophila Pho-tore-cep-tor Cells.  \OT1/c
mr/m/it/12 Jour-nal of Vi-su-al-ized
 []


Underfull \hbox (badness 1565) in paragraph at lines 1401--1410
\OT1/cmr/m/it/12 Ex-per-i-ments\OT1/cmr/m/n/12 , 79, sep 2013.  ISSN 1940-087X.
  doi: $10 . 3791 / 50610$.  URL
 []


Underfull \hbox (badness 10000) in paragraph at lines 1401--1410
[]$\OT1/cmtt/m/n/12 http : / / www . ncbi . nlm . nih . gov / pubmed / 24084155
http : / / www . pubmedcentral .
 []


Underfull \hbox (badness 1205) in paragraph at lines 1413--1421
\OT1/cmr/m/n/12 Gohl, and Thomas R Clan-dinin.  Flp-Stop, a tool for con-di-tio
nal gene con-
 []


Underfull \hbox (badness 3590) in paragraph at lines 1413--1421
\OT1/cmr/m/n/12 trol in Drosophila.  \OT1/cmr/m/it/12 eLife\OT1/cmr/m/n/12 , 6,
 2017.  ISSN 2050084X.  doi: $10 . 7554 /
 []


Underfull \vbox (badness 10000) has occurred while \output is active []

 [76]
Underfull \hbox (badness 1286) in paragraph at lines 1529--1538
[]\OT1/cmr/m/n/12 Celia Mu~noz-Jim^^Senez, Cristina Ayuso, Ag-nieszka Do-brzyn-
ska, An-to-nio Torres-
 []


Underfull \hbox (badness 2538) in paragraph at lines 1540--1548
[]\OT1/cmr/m/n/12 Wei Wang, Mad-huri War-ren, and Al-lan Bradley.  In-duced mi-
totic re-com-
 []


Underfull \hbox (badness 4621) in paragraph at lines 1540--1548
\OT1/cmr/m/n/12 bi-na-tion of p53 in vivo.  \OT1/cmr/m/it/12 Pro-ceed-ings of t
he Na-tional Acad-emy of Sci-
 []


Underfull \hbox (badness 1776) in paragraph at lines 1540--1548
\OT1/cmr/m/it/12 ences\OT1/cmr/m/n/12 , 104(11):4501--4505, mar 2007.  ISSN 002
7-8424.  doi: $10 . 1073 / pnas .
 []


Underfull \vbox (badness 10000) has occurred while \output is active []

 [77]
Underfull \hbox (badness 1259) in paragraph at lines 1590--1598
[]\OT1/cmr/m/n/12 Zhi-Xin Wang.  An ex-act math-e-mat-i-cal ex-pres-sion for de
-scrib-ing com-pet-i-tive
 []


Underfull \hbox (badness 1325) in paragraph at lines 1590--1598
\OT1/cmr/m/n/12 bind-ing of two dif-fer-ent lig-ands to a pro-tein mol-e-cule. 
 \OT1/cmr/m/it/12 FEBS Let-ters\OT1/cmr/m/n/12 , 360:
 []


Underfull \hbox (badness 1184) in paragraph at lines 1590--1598
\OT1/cmr/m/n/12 111--114, 1995.  ISSN 00145793.  doi: $10 . 1016 / 0014-[]5793(
95 ) 00062-[]E$.  URL
 []


Underfull \hbox (badness 10000) in paragraph at lines 1590--1598
[]$\OT1/cmtt/m/n/12 http : / / ac . els-[]cdn . com / 001457939500062E / 1-[]s2
 . 0-[]001457939500062E-[]main .
 []


Underfull \hbox (badness 10000) in paragraph at lines 1590--1598
\OT1/cmtt/m/n/12 pdf ? {_}tid = 2fc90d24-[]7fd1-[]11e7-[]94e3-[]00000aacb35e{&}
acdnat =
 []


Underfull \hbox (badness 1728) in paragraph at lines 1601--1608
\OT1/cmr/m/it/12 2012\OT1/cmr/m/n/12 , pages 47--54, 2012.  ISBN 9781467346252.
  doi: $10 . 1109 / CIDU . 2012 .
 []


Underfull \hbox (badness 10000) in paragraph at lines 1618--1628
\OT1/cmtt/m/n/12 / / www . ncbi . nlm . nih . gov / pubmed / 27857550http : / /
 www . pubmedcentral . nih . gov /
 []


Underfull \vbox (badness 10000) has occurred while \output is active []

 [78])
(./appendix/main.tex [79]
Appendix A
(./appendix/methods/clones.tex
Underfull \vbox (badness 10000) has occurred while \output is active []

 [80


]
Underfull \vbox (badness 7704) has occurred while \output is active []

 [81]
Underfull \vbox (badness 10000) has occurred while \output is active []

 [82]
Underfull \vbox (badness 10000) has occurred while \output is active []

 [83]
Underfull \vbox (badness 10000) has occurred while \output is active []

 [84]
Underfull \vbox (badness 10000) has occurred while \output is active []

 [85]
Underfull \vbox (badness 10000) has occurred while \output is active []

 [86]
Underfull \vbox (badness 10000) has occurred while \output is active []

 [87]
Underfull \vbox (badness 10000) has occurred while \output is active []

 [88]
Underfull \vbox (badness 10000) has occurred while \output is active []

 [89])
(./appendix/methods/ratio.tex
Underfull \vbox (badness 10000) has occurred while \output is active []

 [90]
Underfull \vbox (badness 10000) has occurred while \output is active []

 [91]
Underfull \vbox (badness 10000) has occurred while \output is active []

 [92]
Missing character: There is no ¬ in font cmr12!
Missing character: There is no µ in font cmr12!

Underfull \vbox (badness 10000) has occurred while \output is active []

 [93]
[94]
Underfull \vbox (badness 10000) has occurred while \output is active []

 [95]
Underfull \vbox (badness 10000) has occurred while \output is active []

 [96]
[97]
Underfull \vbox (badness 10000) has occurred while \output is active []

 [98]

LaTeX Warning: Reference `ratio:genetics' on page 99 undefined on input line 89
.

[99] [100])
Underfull \vbox (badness 10000) has occurred while \output is active []

 [101]
[102]
Appendix B
(./appendix/figures/clones.tex
<./figures/clones/./figure_S1.png, id=1593, 283.2984pt x 277.9986pt>
File: ./figures/clones/./figure_S1.png Graphic file (type png)

<use ./figures/clones/./figure_S1.png>
Package pdftex.def Info: ./figures/clones/./figure_S1.png used on input line 9.

(pdftex.def)             Requested size: 283.2977pt x 277.99791pt.

<./figures/clones/./figure_S2.png, id=1594, 460.119pt x 349.7868pt>
File: ./figures/clones/./figure_S2.png Graphic file (type png)

<use ./figures/clones/./figure_S2.png>
Package pdftex.def Info: ./figures/clones/./figure_S2.png used on input line 15
.
(pdftex.def)             Requested size: 460.11787pt x 349.78595pt.


LaTeX Warning: `h' float specifier changed to `ht'.

<./figures/clones/./figure_S3.png, id=1595, 329.0694pt x 355.0866pt>
File: ./figures/clones/./figure_S3.png Graphic file (type png)

<use ./figures/clones/./figure_S3.png>
Package pdftex.def Info: ./figures/clones/./figure_S3.png used on input line 21
.
(pdftex.def)             Requested size: 329.06857pt x 355.08571pt.


LaTeX Warning: `h' float specifier changed to `ht'.

<./figures/clones/./figure_S4.png, id=1598, 550.6974pt x 414.8298pt>
File: ./figures/clones/./figure_S4.png Graphic file (type png)

<use ./figures/clones/./figure_S4.png>
Package pdftex.def Info: ./figures/clones/./figure_S4.png used on input line 27
.
(pdftex.def)             Requested size: 469.75502pt x 353.86029pt.


LaTeX Warning: `h' float specifier changed to `ht'.

<./figures/clones/./figure_S5.png, id=1601, 478.9092pt x 125.7498pt>
File: ./figures/clones/./figure_S5.png Graphic file (type png)

<use ./figures/clones/./figure_S5.png>
Package pdftex.def Info: ./figures/clones/./figure_S5.png used on input line 36
.
(pdftex.def)             Requested size: 478.90802pt x 125.74948pt.

Overfull \hbox (9.153pt too wide) in paragraph at lines 36--37
 [][] 
 []


LaTeX Warning: `h' float specifier changed to `ht'.

<./figures/clones/./figure_S6.png, id=1602, 484.209pt x 329.0694pt>
File: ./figures/clones/./figure_S6.png Graphic file (type png)

<use ./figures/clones/./figure_S6.png>
Package pdftex.def Info: ./figures/clones/./figure_S6.png used on input line 42
.
(pdftex.def)             Requested size: 469.75502pt x 319.25717pt.


LaTeX Warning: `h' float specifier changed to `ht'.

<./figures/clones/./figure_S7.png, id=1603, 423.0204pt x 319.4334pt>
File: ./figures/clones/./figure_S7.png Graphic file (type png)

<use ./figures/clones/./figure_S7.png>
Package pdftex.def Info: ./figures/clones/./figure_S7.png used on input line 48
.
(pdftex.def)             Requested size: 469.75502pt x 354.7361pt.


LaTeX Warning: `h' float specifier changed to `ht'.

<./figures/clones/./figure_S8.png, id=1604, 391.7034pt x 121.4136pt>
File: ./figures/clones/./figure_S8.png Graphic file (type png)

<use ./figures/clones/./figure_S8.png>
Package pdftex.def Info: ./figures/clones/./figure_S8.png used on input line 54
.
(pdftex.def)             Requested size: 469.75502pt x 145.61221pt.


LaTeX Warning: `h' float specifier changed to `ht'.

) [103


 <./figures/clones/./figure_S1.png (PNG copy)>] [104 <./figures/clones/./figure
_S2.png (PNG copy)>] [105 <./figures/clones/./figure_S3.png (PNG copy)>]
[106 <./figures/clones/./figure_S4.png (PNG copy)>] [107 <./figures/clones/./fi
gure_S5.png (PNG copy)>] [108 <./figures/clones/./figure_S6.png (PNG copy)>]
[109 <./figures/clones/./figure_S7.png (PNG copy)>] [110 <./figures/clones/./fi
gure_S8.png (PNG copy)>]
Appendix C
(./appendix/figures/ratio.tex
<./figures/ratio/./figure_S1.png, id=1643, 582.0144pt x 405.9165pt>
File: ./figures/ratio/./figure_S1.png Graphic file (type png)

<use ./figures/ratio/./figure_S1.png>
Package pdftex.def Info: ./figures/ratio/./figure_S1.png used on input line 10.

(pdftex.def)             Requested size: 469.75502pt x 327.62613pt.

<./figures/ratio/./figure_S2.png, id=1644, 600.3228pt x 477.7047pt>
File: ./figures/ratio/./figure_S2.png Graphic file (type png)

<use ./figures/ratio/./figure_S2.png>
Package pdftex.def Info: ./figures/ratio/./figure_S2.png used on input line 17.

(pdftex.def)             Requested size: 469.75502pt x 373.81087pt.


LaTeX Warning: `h' float specifier changed to `ht'.

<./figures/ratio/./figure_S3.png, id=1645, 475.7775pt x 106.7187pt>
File: ./figures/ratio/./figure_S3.png Graphic file (type png)

<use ./figures/ratio/./figure_S3.png>
Package pdftex.def Info: ./figures/ratio/./figure_S3.png used on input line 24.

(pdftex.def)             Requested size: 469.75502pt x 105.37337pt.


LaTeX Warning: `h' float specifier changed to `ht'.

<./figures/ratio/./figure_S4.png, id=1646, 261.6174pt x 136.3494pt>
File: ./figures/ratio/./figure_S4.png Graphic file (type png)

<use ./figures/ratio/./figure_S4.png>
Package pdftex.def Info: ./figures/ratio/./figure_S4.png used on input line 31.

(pdftex.def)             Requested size: 261.61674pt x 136.34904pt.


LaTeX Warning: `h' float specifier changed to `ht'.

<./figures/ratio/./figure_S5.png, id=1647, 464.6961pt x 376.0449pt>
File: ./figures/ratio/./figure_S5.png Graphic file (type png)

<use ./figures/ratio/./figure_S5.png>
Package pdftex.def Info: ./figures/ratio/./figure_S5.png used on input line 38.

(pdftex.def)             Requested size: 422.77664pt x 342.1268pt.


LaTeX Warning: Float too large for page by 3.83179pt on input line 41.


LaTeX Warning: `h' float specifier changed to `ht'.

<./figures/ratio/./figure_S6.png, id=1650, 518.4168pt x 379.1766pt>
File: ./figures/ratio/./figure_S6.png Graphic file (type png)

<use ./figures/ratio/./figure_S6.png>
Package pdftex.def Info: ./figures/ratio/./figure_S6.png used on input line 45.

(pdftex.def)             Requested size: 469.75502pt x 343.58745pt.


LaTeX Warning: `h' float specifier changed to `ht'.

<./figures/ratio/./figure_S7.png, id=1651, 714.7503pt x 427.1157pt>
File: ./figures/ratio/./figure_S7.png Graphic file (type png)

<use ./figures/ratio/./figure_S7.png>
Package pdftex.def Info: ./figures/ratio/./figure_S7.png used on input line 52.

(pdftex.def)             Requested size: 469.75502pt x 280.72412pt.


LaTeX Warning: `h' float specifier changed to `ht'.

<./figures/ratio/./figure_S8.png, id=1656, 476.7411pt x 95.1555pt>
File: ./figures/ratio/./figure_S8.png Graphic file (type png)

<use ./figures/ratio/./figure_S8.png>
Package pdftex.def Info: ./figures/ratio/./figure_S8.png used on input line 59.

(pdftex.def)             Requested size: 469.75502pt x 93.76427pt.


LaTeX Warning: `h' float specifier changed to `ht'.

) [111


 <./figures/ratio/./figure_S1.png (PNG copy)>] [112 <./figures/ratio/./figure_S
2.png (PNG copy)>] [113 <./figures/ratio/./figure_S3.png (PNG copy)> <./figures
/ratio/./figure_S4.png (PNG copy)>] [114 <./figures/ratio/./figure_S5.png (PNG 
copy)>] [115 <./figures/ratio/./figure_S6.png (PNG copy)>] [116 <./figures/rati
o/./figure_S7.png (PNG copy)>] [117 <./figures/ratio/./figure_S8.png (PNG copy)
>]
Appendix D
(./appendix/software.tex
LaTeX Font Info:    Font shape `OT1/cmtt/bx/n' in size <12> not available
(Font)              Font shape `OT1/cmtt/m/n' tried instead on input line 8.

Underfull \vbox (badness 10000) has occurred while \output is active []

 [118


]
[119]

Package natbib Warning: Citation `Gillespie1977' on page 120 undefined on input
 line 31.

) (./appendix/reproducibility.tex

LaTeX Warning: Reference `ch:metabolism' on page 120 undefined on input line 15
.


LaTeX Warning: `!h' float specifier changed to `!ht'.


Package caption Warning: \label without proper reference on input line 22.
See the caption package documentation for explanation.


LaTeX Warning: Reference `appendix:resources:code_repos' on page 120 undefined 
on input line 19.

[120]

LaTeX Warning: Reference `ch:metabolism' on page 121 undefined on input line 30
.

))

Package natbib Warning: There were undefined citations.

Package atveryend Info: Empty hook `BeforeClearDocument' on input line 136.
[121]
Package atveryend Info: Empty hook `AfterLastShipout' on input line 136.
 (./thesis.aux)
Package atveryend Info: Executing hook `AtVeryEndDocument' on input line 136.
Package atveryend Info: Executing hook `AtEndAfterFileList' on input line 136.
Package rerunfilecheck Info: File `thesis.out' has not changed.
(rerunfilecheck)             Checksum: 43F88E767ACF9A35150C980C81AB6EEB;2566.


LaTeX Warning: There were undefined references.


LaTeX Warning: Label(s) may have changed. Rerun to get cross-references right.

Package atveryend Info: Empty hook `AtVeryVeryEnd' on input line 136.
 ) 
Here is how much of TeX's memory you used:
 10839 strings out of 493014
 164011 string characters out of 6133351
 307023 words of memory out of 5000000
 13637 multiletter control sequences out of 15000+600000
 12467 words of font info for 48 fonts, out of 8000000 for 9000
 1302 hyphenation exceptions out of 8191
 40i,14n,44p,3666b,798s stack positions out of 5000i,500n,10000p,200000b,80000s
{/usr/local/texlive/2016/texmf-dist/fonts/enc/dvips/cm-super/cm-super-ts1.enc
}</usr/local/texlive/2016/texmf-dist/fonts/type1/public/amsfonts/cm/cmbx12.pfb>
</usr/local/texlive/2016/texmf-dist/fonts/type1/public/amsfonts/cm/cmbxti10.pfb
></usr/local/texlive/2016/texmf-dist/fonts/type1/public/amsfonts/cm/cmex10.pfb>
</usr/local/texlive/2016/texmf-dist/fonts/type1/public/amsfonts/cm/cmmi12.pfb><
/usr/local/texlive/2016/texmf-dist/fonts/type1/public/amsfonts/cm/cmmi6.pfb></u
sr/local/texlive/2016/texmf-dist/fonts/type1/public/amsfonts/cm/cmmi8.pfb></usr
/local/texlive/2016/texmf-dist/fonts/type1/public/amsfonts/cm/cmr12.pfb></usr/l
ocal/texlive/2016/texmf-dist/fonts/type1/public/amsfonts/cm/cmr8.pfb></usr/loca
l/texlive/2016/texmf-dist/fonts/type1/public/amsfonts/cm/cmsy10.pfb></usr/local
/texlive/2016/texmf-dist/fonts/type1/public/amsfonts/cm/cmsy8.pfb></usr/local/t
exlive/2016/texmf-dist/fonts/type1/public/amsfonts/cm/cmti12.pfb></usr/local/te
xlive/2016/texmf-dist/fonts/type1/public/amsfonts/cm/cmtt12.pfb></usr/local/tex
live/2016/texmf-dist/fonts/type1/public/cm-super/sfrm1200.pfb>
Output written on thesis.pdf (121 pages, 20448814 bytes).
PDF statistics:
 1871 PDF objects out of 2073 (max. 8388607)
 1682 compressed objects within 17 object streams
 411 named destinations out of 1000 (max. 500000)
 376 words of extra memory for PDF output out of 10000 (max. 10000000)

